hostname = asimov-198.svail.baidu.com
dataset: ag_news	dataset: ag_news	downloads: 27831	likes: 12	PWC: https://paperswithcode.com/dataset/ag-news
dataset: ag_news	splits: train: 120000 rows, test: 7600 rows
dataset: ag_news	split: train	columns: text, label
dataset: ag_news	labels: World, Sports, Business, Sci/Tech
dataset: ag_news --> 8 models
dataset: ag_news	model: mrm8488/bert-mini-finetuned-age_news-classification	downloads: 10088	likes: 2	task: text-classification
dataset: ag_news	model: mrm8488/distilroberta-finetuned-age_news-classification	downloads: 416	likes: 1	task: text-classification
dataset: ag_news	model: nateraw/bert-base-uncased-ag-news	downloads: 174	likes: 0	task: text-classification
dataset: ag_news	model: joeddav/distilbert-base-uncased-agnews-student	downloads: 138	likes: 0	task: text-classification
dataset: ag_news	model: fabriceyhc/bert-base-uncased-ag_news	downloads: 47	likes: 0	task: text-classification
dataset: ag_news	model: lucasresck/bert-base-cased-ag-news	downloads: 46	likes: 0	task: text-classification
dataset: ag_news	model: andi611/distilbert-base-uncased-ner-agnews	downloads: 35	likes: 1	task: text-classification
dataset: ag_news	model: mansidw/finetuning-sentiment-model-12000-samples	downloads: 15	likes: 0	task: text-classification
# found: 12917 matches; truncating to 10
task: None --> 10 models
task: None	model: SpanBERT/spanbert-large-cased	downloads: 843328	likes: 1	task: None
task: None	model: microsoft/layoutlmv2-base-uncased	downloads: 477678	likes: 13	task: None
task: None	model: microsoft/deberta-base	downloads: 439927	likes: 7	task: None
task: None	model: microsoft/layoutlm-base-uncased	downloads: 360700	likes: 7	task: None
task: None	model: microsoft/deberta-v3-large	downloads: 325893	likes: 23	task: None
task: None	model: facebook/dpr-ctx_encoder-single-nq-base	downloads: 276176	likes: 2	task: None
task: None	model: microsoft/deberta-v3-base	downloads: 257854	likes: 11	task: None
task: None	model: allenai/scibert_scivocab_uncased	downloads: 223941	likes: 17	task: None
task: None	model: google/bigbird-roberta-base	downloads: 219355	likes: 11	task: None
task: None	model: distilbert-base-cased	downloads: 205367	likes: 6	task: None
