dataset: amazon_reviews_multi	dataset: amazon_reviews_multi	downloads: 13794	likes: 10	
dataset: amazon_reviews_multi,all_languages	splits: train: 1200000 rows, test: 30000 rows, val: 30000 rows
dataset: amazon_reviews_multi,all_languages	split: train	columns: review_id, product_id, reviewer_id, stars, review_body, review_title, language, product_category
dataset: amazon_reviews_multi,de	splits: train: 200000 rows, test: 5000 rows, val: 5000 rows
dataset: amazon_reviews_multi,de	split: train	columns: review_id, product_id, reviewer_id, stars, review_body, review_title, language, product_category
dataset: amazon_reviews_multi,en	splits: train: 200000 rows, test: 5000 rows, val: 5000 rows
dataset: amazon_reviews_multi,en	split: train	columns: review_id, product_id, reviewer_id, stars, review_body, review_title, language, product_category
dataset: amazon_reviews_multi,es	splits: train: 200000 rows, test: 5000 rows, val: 5000 rows
dataset: amazon_reviews_multi,es	split: train	columns: review_id, product_id, reviewer_id, stars, review_body, review_title, language, product_category
dataset: amazon_reviews_multi,fr	splits: train: 200000 rows, test: 5000 rows, val: 5000 rows
dataset: amazon_reviews_multi,fr	split: train	columns: review_id, product_id, reviewer_id, stars, review_body, review_title, language, product_category
dataset: amazon_reviews_multi,ja	splits: train: 200000 rows, test: 5000 rows, val: 5000 rows
dataset: amazon_reviews_multi,ja	split: train	columns: review_id, product_id, reviewer_id, stars, review_body, review_title, language, product_category
dataset: amazon_reviews_multi,zh	splits: train: 200000 rows, test: 5000 rows, val: 5000 rows
dataset: amazon_reviews_multi,zh	split: train	columns: review_id, product_id, reviewer_id, stars, review_body, review_title, language, product_category
dataset: amazon_reviews_multi --> 10 models
dataset: amazon_reviews_multi	model: cmarkea/distilcamembert-base-sentiment	downloads: 47811	likes: 5	task: text-classification
dataset: amazon_reviews_multi	model: philschmid/distilbert-base-multilingual-cased-sentiment	downloads: 263	likes: 0	task: text-classification
dataset: amazon_reviews_multi	model: lewtun/xlm-roberta-base-finetuned-marc	downloads: 161	likes: 1	task: text-classification
dataset: amazon_reviews_multi	model: lewtun/xlm-roberta-base-finetuned-marc-en	downloads: 126	likes: 0	task: text-classification
dataset: amazon_reviews_multi	model: mrm8488/electricidad-small-finetuned-amazon-review-classification	downloads: 124	likes: 0	task: text-classification
dataset: amazon_reviews_multi	model: philschmid/distilbert-base-multilingual-cased-sentiment-2	downloads: 111	likes: 0	task: text-classification
dataset: amazon_reviews_multi	model: claudio75/xlm-roberta-base-finetuned-marc	downloads: 103	likes: 0	task: text-classification
dataset: amazon_reviews_multi	model: lewtun/roberta-base-bne-finetuned-amazon_reviews_multi	downloads: 64	likes: 0	task: text-classification
dataset: amazon_reviews_multi	model: begar/xlm-roberta-base-finetuned-marc	downloads: 60	likes: 0	task: text-classification
dataset: amazon_reviews_multi	model: arjuntheprogrammer/distilbert-base-multilingual-cased-sentiment-2	downloads: 44	likes: 0	task: text-classification
