hostname = asimov-128.svail.baidu.com
dataset: blimp	dataset: blimp	downloads: 19523	likes: 1	PWC: https://paperswithcode.com/dataset/blimp
dataset: blimp,adjunct_island	splits: train: 1000 rows
dataset: blimp,adjunct_island	split: train	columns: sentence_good, sentence_bad, field, linguistics_term, UID, simple_LM_method, one_prefix_method, two_prefix_method, lexically_identical, pair_id
dataset: blimp,anaphor_gender_agreement	splits: train: 1000 rows
dataset: blimp,anaphor_gender_agreement	split: train	columns: sentence_good, sentence_bad, field, linguistics_term, UID, simple_LM_method, one_prefix_method, two_prefix_method, lexically_identical, pair_id
dataset: blimp,anaphor_number_agreement	splits: train: 1000 rows
dataset: blimp,anaphor_number_agreement	split: train	columns: sentence_good, sentence_bad, field, linguistics_term, UID, simple_LM_method, one_prefix_method, two_prefix_method, lexically_identical, pair_id
dataset: blimp,animate_subject_passive	splits: train: 1000 rows
dataset: blimp,animate_subject_passive	split: train	columns: sentence_good, sentence_bad, field, linguistics_term, UID, simple_LM_method, one_prefix_method, two_prefix_method, lexically_identical, pair_id
dataset: blimp,animate_subject_trans	splits: train: 1000 rows
dataset: blimp,animate_subject_trans	split: train	columns: sentence_good, sentence_bad, field, linguistics_term, UID, simple_LM_method, one_prefix_method, two_prefix_method, lexically_identical, pair_id
dataset: blimp,causative	splits: train: 1000 rows
dataset: blimp,causative	split: train	columns: sentence_good, sentence_bad, field, linguistics_term, UID, simple_LM_method, one_prefix_method, two_prefix_method, lexically_identical, pair_id
dataset: blimp,complex_NP_island	splits: train: 1000 rows
dataset: blimp,complex_NP_island	split: train	columns: sentence_good, sentence_bad, field, linguistics_term, UID, simple_LM_method, one_prefix_method, two_prefix_method, lexically_identical, pair_id
dataset: blimp,coordinate_structure_constraint_complex_left_branch	splits: train: 1000 rows
dataset: blimp,coordinate_structure_constraint_complex_left_branch	split: train	columns: sentence_good, sentence_bad, field, linguistics_term, UID, simple_LM_method, one_prefix_method, two_prefix_method, lexically_identical, pair_id
dataset: blimp,coordinate_structure_constraint_object_extraction	splits: train: 1000 rows
dataset: blimp,coordinate_structure_constraint_object_extraction	split: train	columns: sentence_good, sentence_bad, field, linguistics_term, UID, simple_LM_method, one_prefix_method, two_prefix_method, lexically_identical, pair_id
dataset: blimp,determiner_noun_agreement_1	splits: train: 1000 rows
dataset: blimp,determiner_noun_agreement_1	split: train	columns: sentence_good, sentence_bad, field, linguistics_term, UID, simple_LM_method, one_prefix_method, two_prefix_method, lexically_identical, pair_id
