hostname = asimov-189.svail.baidu.com
dataset: cosmos_qa	dataset: cosmos_qa	downloads: 12659	likes: 2	PWC: https://paperswithcode.com/dataset/cosmosqa
dataset: cosmos_qa	splits: train: 25262 rows, test: 6963 rows, val: 2985 rows
dataset: cosmos_qa	split: train	columns: id, context, question, answer0, answer1, answer2, answer3, label
dataset: cosmos_qa --> 3 models
dataset: cosmos_qa	model: AdapterHub/bert-base-uncased-pf-cosmos_qa	downloads: 30	likes: 0	task: None
dataset: cosmos_qa	model: AdapterHub/roberta-base-pf-cosmos_qa	downloads: 13	likes: 0	task: None
dataset: cosmos_qa	model: mamlong34/t5_small_cosmos_qa	downloads: 7	likes: 0	task: text2text-generation
# found: 12917 matches; truncating to 10
task: None --> 10 models
task: None	model: SpanBERT/spanbert-large-cased	downloads: 843328	likes: 1	task: None
task: None	model: microsoft/layoutlmv2-base-uncased	downloads: 477678	likes: 13	task: None
task: None	model: microsoft/deberta-base	downloads: 439927	likes: 7	task: None
task: None	model: microsoft/layoutlm-base-uncased	downloads: 360700	likes: 7	task: None
task: None	model: microsoft/deberta-v3-large	downloads: 325893	likes: 23	task: None
task: None	model: facebook/dpr-ctx_encoder-single-nq-base	downloads: 276176	likes: 2	task: None
task: None	model: microsoft/deberta-v3-base	downloads: 257854	likes: 11	task: None
task: None	model: allenai/scibert_scivocab_uncased	downloads: 223941	likes: 17	task: None
task: None	model: google/bigbird-roberta-base	downloads: 219355	likes: 11	task: None
task: None	model: distilbert-base-cased	downloads: 205367	likes: 6	task: None
