hostname = asimov-134.svail.baidu.com
dataset: duorc	dataset: duorc	downloads: 9898	likes: 2	PWC: https://paperswithcode.com/dataset/duorc
dataset: duorc,SelfRC	splits: train: 60721 rows, test: 12559 rows, val: 12961 rows
dataset: duorc,SelfRC	split: train	columns: plot_id, plot, title, question_id, question, answers, no_answer
dataset: duorc,ParaphraseRC	splits: train: 69524 rows, test: 15857 rows, val: 15591 rows
dataset: duorc,ParaphraseRC	split: train	columns: plot_id, plot, title, question_id, question, answers, no_answer
dataset: duorc --> 5 models
dataset: duorc	model: MaRiOrOsSi/t5-base-finetuned-question-answering	downloads: 44	likes: 0	task: text2text-generation
dataset: duorc	model: AdapterHub/bert-base-uncased-pf-duorc_s	downloads: 27	likes: 0	task: question-answering
dataset: duorc	model: AdapterHub/bert-base-uncased-pf-duorc_p	downloads: 21	likes: 0	task: question-answering
dataset: duorc	model: AdapterHub/roberta-base-pf-duorc_s	downloads: 12	likes: 0	task: question-answering
dataset: duorc	model: AdapterHub/roberta-base-pf-duorc_p	downloads: 7	likes: 0	task: question-answering
# found: 12313 matches; truncating to 10
task: None --> 10 models
task: None	model: SpanBERT/spanbert-large-cased	downloads: 920602	likes: 1	task: None
task: None	model: microsoft/layoutlmv2-base-uncased	downloads: 626617	likes: 12	task: None
task: None	model: microsoft/deberta-base	downloads: 468082	likes: 6	task: None
task: None	model: microsoft/layoutlm-base-uncased	downloads: 387046	likes: 7	task: None
task: None	model: facebook/dpr-ctx_encoder-single-nq-base	downloads: 267457	likes: 2	task: None
task: None	model: distilbert-base-cased	downloads: 223362	likes: 6	task: None
task: None	model: microsoft/deberta-v3-base	downloads: 218789	likes: 11	task: None
task: None	model: hfl/chinese-electra-180g-base-discriminator	downloads: 197076	likes: 5	task: None
task: None	model: allenai/scibert_scivocab_uncased	downloads: 191888	likes: 17	task: None
task: None	model: google/bigbird-roberta-base	downloads: 187790	likes: 11	task: None
