hostname = asimov-130.svail.baidu.com
dataset: emotion	dataset: emotion	downloads: 16076	likes: 18	PWC: https://paperswithcode.com/dataset/emotion
dataset: emotion	splits: train: 16000 rows, test: 2000 rows, val: 2000 rows
dataset: emotion	split: train	columns: text, label
dataset: emotion	labels: sadness, joy, love, anger, fear, surprise
dataset: emotion --> 10 models
dataset: emotion	model: bhadresh-savani/distilbert-base-uncased-emotion	downloads: 875241	likes: 21	task: text-classification
dataset: emotion	model: mrm8488/t5-small-finetuned-emotion	downloads: 14529	likes: 0	task: text2text-generation
dataset: emotion	model: bhadresh-savani/roberta-base-emotion	downloads: 11213	likes: 0	task: text-classification
dataset: emotion	model: mrm8488/t5-base-finetuned-emotion	downloads: 5604	likes: 4	task: text2text-generation
dataset: emotion	model: nateraw/bert-base-uncased-emotion	downloads: 5456	likes: 3	task: text-classification
dataset: emotion	model: bhadresh-savani/bert-base-uncased-emotion	downloads: 1230	likes: 1	task: text-classification
dataset: emotion	model: lewiswatson/distilbert-base-uncased-finetuned-emotion	downloads: 306	likes: 0	task: text-classification
dataset: emotion	model: transformersbook/distilbert-base-uncased-finetuned-emotion	downloads: 254	likes: 0	task: text-classification
dataset: emotion	model: ncduy/bert-base-cased-finetuned-emotion	downloads: 164	likes: 1	task: text-classification
dataset: emotion	model: AdapterHub/bert-base-uncased-pf-emotion	downloads: 132	likes: 0	task: text-classification
# found: 12313 matches; truncating to 10
task: None --> 10 models
task: None	model: SpanBERT/spanbert-large-cased	downloads: 920602	likes: 1	task: None
task: None	model: microsoft/layoutlmv2-base-uncased	downloads: 626617	likes: 12	task: None
task: None	model: microsoft/deberta-base	downloads: 468082	likes: 6	task: None
task: None	model: microsoft/layoutlm-base-uncased	downloads: 387046	likes: 7	task: None
task: None	model: facebook/dpr-ctx_encoder-single-nq-base	downloads: 267457	likes: 2	task: None
task: None	model: distilbert-base-cased	downloads: 223362	likes: 6	task: None
task: None	model: microsoft/deberta-v3-base	downloads: 218789	likes: 11	task: None
task: None	model: hfl/chinese-electra-180g-base-discriminator	downloads: 197076	likes: 5	task: None
task: None	model: allenai/scibert_scivocab_uncased	downloads: 191888	likes: 17	task: None
task: None	model: google/bigbird-roberta-base	downloads: 187790	likes: 11	task: None
