hostname = asimov-121.svail.baidu.com
dataset: glue	dataset: glue	downloads: 1040733	likes: 32	PWC: https://paperswithcode.com/dataset/glue
dataset: glue,cola	splits: train: 8551 rows, test: 1063 rows, val: 1043 rows
dataset: glue,cola	split: train	columns: sentence, label, idx
dataset: glue,cola	labels: unacceptable, acceptable
dataset: glue,sst2	splits: train: 67349 rows, test: 1821 rows, val: 872 rows
dataset: glue,sst2	split: train	columns: sentence, label, idx
dataset: glue,sst2	labels: negative, positive
dataset: glue,mrpc	splits: train: 3668 rows, test: 1725 rows, val: 408 rows
dataset: glue,mrpc	split: train	columns: sentence1, sentence2, label, idx
dataset: glue,mrpc	labels: not_equivalent, equivalent
dataset: glue,qqp	splits: train: 363846 rows, test: 390965 rows, val: 40430 rows
dataset: glue,qqp	split: train	columns: question1, question2, label, idx
dataset: glue,qqp	labels: not_duplicate, duplicate
dataset: glue,stsb	splits: train: 5749 rows, test: 1379 rows, val: 1500 rows
dataset: glue,stsb	split: train	columns: sentence1, sentence2, label, idx
dataset: glue,mnli	splits: train: 392702 rows, validation_matched: 9815 rows, validation_mismatched: 9832 rows, test_matched: 9796 rows, test_mismatched: 9847 rows
dataset: glue,mnli	split: train	columns: premise, hypothesis, label, idx
dataset: glue,mnli	labels: entailment, neutral, contradiction
dataset: glue,mnli_mismatched	splits: test: 9847 rows, val: 9832 rows
dataset: glue,mnli_matched	splits: test: 9796 rows, val: 9815 rows
dataset: glue,qnli	splits: train: 104743 rows, test: 5463 rows, val: 5463 rows
dataset: glue,qnli	split: train	columns: question, sentence, label, idx
dataset: glue,qnli	labels: entailment, not_entailment
dataset: glue,rte	splits: train: 2490 rows, test: 3000 rows, val: 277 rows
dataset: glue,rte	split: train	columns: sentence1, sentence2, label, idx
dataset: glue,rte	labels: entailment, not_entailment
dataset: glue,wnli	splits: train: 635 rows, test: 146 rows, val: 71 rows
dataset: glue,wnli	split: train	columns: sentence1, sentence2, label, idx
dataset: glue,wnli	labels: not_entailment, entailment
dataset: glue,ax	splits: test: 1104 rows
dataset: glue --> 10 models
dataset: glue	model: Jiva/xlm-roberta-large-it-mnli	downloads: 11061	likes: 1	task: zero-shot-classification
dataset: glue	model: Bhumika/roberta-base-finetuned-sst2	downloads: 1199	likes: 1	task: text-classification
dataset: glue	model: mujeensung/roberta-base_mnli_bc	downloads: 498	likes: 0	task: text-classification
dataset: glue	model: yy642/bert-base-uncased-finetuned-mnli-512-10	downloads: 320	likes: 0	task: text-classification
dataset: glue	model: D3xter1922/electra-base-discriminator-finetuned-cola	downloads: 317	likes: 0	task: text-classification
dataset: glue	model: gchhablani/bert-base-cased-finetuned-mnli	downloads: 264	likes: 1	task: text-classification
dataset: glue	model: Alireza1044/albert-base-v2-sst2	downloads: 249	likes: 0	task: text-classification
dataset: glue	model: gchhablani/bert-base-cased-finetuned-sst2	downloads: 208	likes: 0	task: text-classification
dataset: glue	model: mrm8488/deberta-v3-large-finetuned-mnli	downloads: 177	likes: 2	task: text-classification
dataset: glue	model: DeepPavlov/xlm-roberta-large-en-ru-mnli	downloads: 174	likes: 0	task: text-classification
# found: 12312 matches; truncating to 10
task: None --> 10 models
task: None	model: SpanBERT/spanbert-large-cased	downloads: 920602	likes: 1	task: None
task: None	model: microsoft/layoutlmv2-base-uncased	downloads: 626617	likes: 12	task: None
task: None	model: microsoft/deberta-base	downloads: 468082	likes: 6	task: None
task: None	model: microsoft/layoutlm-base-uncased	downloads: 387046	likes: 7	task: None
task: None	model: facebook/dpr-ctx_encoder-single-nq-base	downloads: 267457	likes: 2	task: None
task: None	model: distilbert-base-cased	downloads: 223362	likes: 6	task: None
task: None	model: microsoft/deberta-v3-base	downloads: 218789	likes: 11	task: None
task: None	model: hfl/chinese-electra-180g-base-discriminator	downloads: 197076	likes: 5	task: None
task: None	model: allenai/scibert_scivocab_uncased	downloads: 191888	likes: 17	task: None
task: None	model: google/bigbird-roberta-base	downloads: 187790	likes: 11	task: None
