hostname = asimov-27.svail.baidu.com
dataset: hellaswag	dataset: hellaswag	downloads: 9856	likes: 1	PWC: https://paperswithcode.com/dataset/hellaswag
dataset: hellaswag	splits: train: 39905 rows, test: 10003 rows, val: 10042 rows
dataset: hellaswag	split: train	columns: ind, activity_label, ctx_a, ctx_b, ctx, endings, source_id, split, split_type, label
dataset: hellaswag --> 3 models
dataset: hellaswag	model: AdapterHub/bert-base-uncased-pf-hellaswag	downloads: 23	likes: 0	task: None
dataset: hellaswag	model: AdapterHub/roberta-base-pf-hellaswag	downloads: 9	likes: 0	task: None
dataset: hellaswag	model: prajjwal1/roberta_hellaswag	downloads: 6	likes: 0	task: None
# found: 12311 matches; truncating to 10
task: None --> 10 models
task: None	model: SpanBERT/spanbert-large-cased	downloads: 920602	likes: 1	task: None
task: None	model: microsoft/layoutlmv2-base-uncased	downloads: 626617	likes: 12	task: None
task: None	model: microsoft/deberta-base	downloads: 468082	likes: 6	task: None
task: None	model: microsoft/layoutlm-base-uncased	downloads: 387046	likes: 7	task: None
task: None	model: facebook/dpr-ctx_encoder-single-nq-base	downloads: 267457	likes: 2	task: None
task: None	model: distilbert-base-cased	downloads: 223362	likes: 6	task: None
task: None	model: microsoft/deberta-v3-base	downloads: 218789	likes: 11	task: None
task: None	model: hfl/chinese-electra-180g-base-discriminator	downloads: 197076	likes: 5	task: None
task: None	model: allenai/scibert_scivocab_uncased	downloads: 191888	likes: 17	task: None
task: None	model: google/bigbird-roberta-base	downloads: 187790	likes: 11	task: None
