dataset: kilt_tasks	No info from HuggingFace
dataset: kilt_tasks,triviaqa_support_only	splits: train: 61844 rows, test: 6586 rows, val: 5359 rows
dataset: kilt_tasks,triviaqa_support_only	split: train	columns: id, input, meta, output
dataset: kilt_tasks,fever	splits: train: 104966 rows, test: 10100 rows, val: 10444 rows
dataset: kilt_tasks,fever	split: train	columns: id, input, meta, output
dataset: kilt_tasks,aidayago2	splits: train: 18395 rows, test: 4463 rows, val: 4784 rows
dataset: kilt_tasks,aidayago2	split: train	columns: id, input, meta, output
dataset: kilt_tasks,wned	splits: test: 3376 rows, val: 3396 rows
dataset: kilt_tasks,cweb	splits: test: 5543 rows, val: 5599 rows
dataset: kilt_tasks,trex	splits: train: 2284168 rows, test: 5000 rows, val: 5000 rows
dataset: kilt_tasks,trex	split: train	columns: id, input, meta, output
dataset: kilt_tasks,structured_zeroshot	splits: train: 147909 rows, test: 4966 rows, val: 3724 rows
dataset: kilt_tasks,structured_zeroshot	split: train	columns: id, input, meta, output
dataset: kilt_tasks,nq	splits: train: 87372 rows, test: 1444 rows, val: 2837 rows
dataset: kilt_tasks,nq	split: train	columns: id, input, meta, output
dataset: kilt_tasks,hotpotqa	splits: train: 88869 rows, test: 5569 rows, val: 5600 rows
dataset: kilt_tasks,hotpotqa	split: train	columns: id, input, meta, output
dataset: kilt_tasks,eli5	splits: train: 272634 rows, test: 600 rows, val: 1507 rows
dataset: kilt_tasks,eli5	split: train	columns: id, input, meta, output
dataset: kilt_tasks,wow	splits: train: 63734 rows, test: 2944 rows, val: 3054 rows
dataset: kilt_tasks,wow	split: train	columns: id, input, meta, output
***ERROR***
model: None
data: H:kilt_tasks
eqn: None
splits: train
split: train
task: None
error: (<class 'requests.exceptions.HTTPError'>, HTTPError('405 Client Error: Not Allowed for url: https://huggingface.co/api/models-tags-by-type'), <traceback object at 0x7f7e6acc3480>)
