hostname = asimov-173.svail.baidu.com
dataset: mlsum	dataset: mlsum	downloads: 2506	likes: 5	PWC: https://paperswithcode.com/dataset/mlsum
dataset: mlsum,de	splits: train: 220887 rows, test: 10701 rows, val: 11394 rows
dataset: mlsum,de	split: train	columns: text, summary, topic, url, title, date
dataset: mlsum,es	splits: train: 266367 rows, test: 13920 rows, val: 10358 rows
dataset: mlsum,es	split: train	columns: text, summary, topic, url, title, date
dataset: mlsum,fr	splits: train: 392902 rows, test: 15828 rows, val: 16059 rows
dataset: mlsum,fr	split: train	columns: text, summary, topic, url, title, date
dataset: mlsum,ru	splits: train: 25556 rows, test: 757 rows, val: 750 rows
dataset: mlsum,ru	split: train	columns: text, summary, topic, url, title, date
dataset: mlsum,tu	splits: train: 249277 rows, test: 12775 rows, val: 11565 rows
dataset: mlsum,tu	split: train	columns: text, summary, topic, url, title, date
dataset: mlsum --> 10 models
dataset: mlsum	model: mrm8488/bert2bert_shared-german-finetuned-summarization	downloads: 1356	likes: 1	task: summarization
dataset: mlsum	model: mrm8488/bert2bert_shared-spanish-finetuned-summarization	downloads: 1218	likes: 4	task: summarization
dataset: mlsum	model: mrm8488/camembert2camembert_shared-finetuned-french-summarization	downloads: 1186	likes: 2	task: summarization
dataset: mlsum	model: ml6team/mt5-small-german-finetune-mlsum	downloads: 1137	likes: 7	task: summarization
dataset: mlsum	model: deutsche-telekom/mt5-small-sum-de-en-v1	downloads: 535	likes: 3	task: summarization
dataset: mlsum	model: Narrativa/bsc_roberta2roberta_shared-spanish-finetuned-mlsum-summarization	downloads: 371	likes: 2	task: summarization
dataset: mlsum	model: cointegrated/rut5-base-absum	downloads: 361	likes: 0	task: summarization
dataset: mlsum	model: mrm8488/bert2bert_shared-turkish-summarization	downloads: 336	likes: 1	task: summarization
dataset: mlsum	model: IIC/marimari-r2r-mlsum	downloads: 192	likes: 2	task: summarization
dataset: mlsum	model: mukayese/bart-base-turkish-sum	downloads: 154	likes: 0	task: text2text-generation
# found: 12922 matches; truncating to 10
task: None --> 10 models
task: None	model: SpanBERT/spanbert-large-cased	downloads: 843328	likes: 1	task: None
task: None	model: microsoft/layoutlmv2-base-uncased	downloads: 477678	likes: 13	task: None
task: None	model: microsoft/deberta-base	downloads: 439927	likes: 7	task: None
task: None	model: microsoft/layoutlm-base-uncased	downloads: 360700	likes: 7	task: None
task: None	model: microsoft/deberta-v3-large	downloads: 325893	likes: 23	task: None
task: None	model: facebook/dpr-ctx_encoder-single-nq-base	downloads: 276176	likes: 2	task: None
task: None	model: microsoft/deberta-v3-base	downloads: 257854	likes: 11	task: None
task: None	model: allenai/scibert_scivocab_uncased	downloads: 223941	likes: 17	task: None
task: None	model: google/bigbird-roberta-base	downloads: 219355	likes: 11	task: None
task: None	model: distilbert-base-cased	downloads: 205367	likes: 6	task: None
