hostname = asimov-135.svail.baidu.com
dataset: rotten_tomatoes	dataset: rotten_tomatoes	downloads: 13807	likes: 1	
dataset: rotten_tomatoes	splits: train: 8530 rows, test: 1066 rows, val: 1066 rows
dataset: rotten_tomatoes	split: train	columns: text, label
dataset: rotten_tomatoes	labels: neg, pos
dataset: rotten_tomatoes --> 2 models
dataset: rotten_tomatoes	model: AdapterHub/bert-base-uncased-pf-rotten_tomatoes	downloads: 460	likes: 0	task: text-classification
dataset: rotten_tomatoes	model: AdapterHub/roberta-base-pf-rotten_tomatoes	downloads: 60	likes: 0	task: text-classification
# found: 12313 matches; truncating to 10
task: None --> 10 models
task: None	model: SpanBERT/spanbert-large-cased	downloads: 920602	likes: 1	task: None
task: None	model: microsoft/layoutlmv2-base-uncased	downloads: 626617	likes: 12	task: None
task: None	model: microsoft/deberta-base	downloads: 468082	likes: 6	task: None
task: None	model: microsoft/layoutlm-base-uncased	downloads: 387046	likes: 7	task: None
task: None	model: facebook/dpr-ctx_encoder-single-nq-base	downloads: 267457	likes: 2	task: None
task: None	model: distilbert-base-cased	downloads: 223362	likes: 6	task: None
task: None	model: microsoft/deberta-v3-base	downloads: 218789	likes: 11	task: None
task: None	model: hfl/chinese-electra-180g-base-discriminator	downloads: 197076	likes: 5	task: None
task: None	model: allenai/scibert_scivocab_uncased	downloads: 191888	likes: 17	task: None
task: None	model: google/bigbird-roberta-base	downloads: 187790	likes: 11	task: None
