hostname = asimov-136.svail.baidu.com
dataset: samsum	dataset: samsum	downloads: 10800	likes: 10	PWC: https://paperswithcode.com/dataset/samsum-corpus
dataset: samsum,samsum	splits: train: 14732 rows, test: 819 rows, val: 818 rows
dataset: samsum,samsum	split: train	columns: id, dialogue, summary
dataset: samsum --> 10 models
dataset: samsum	model: philschmid/bart-large-cnn-samsum	downloads: 141062	likes: 8	task: summarization
dataset: samsum	model: philschmid/distilbart-cnn-12-6-samsum	downloads: 13072	likes: 2	task: summarization
dataset: samsum	model: lidiya/bart-large-xsum-samsum	downloads: 4777	likes: 6	task: summarization
dataset: samsum	model: slauw87/bart_summarisation	downloads: 4299	likes: 2	task: summarization
dataset: samsum	model: transformersbook/pegasus-samsum	downloads: 2159	likes: 0	task: text2text-generation
dataset: samsum	model: linydub/bart-large-samsum	downloads: 1396	likes: 6	task: summarization
dataset: samsum	model: philschmid/bart-base-samsum	downloads: 1220	likes: 1	task: summarization
dataset: samsum	model: anegi/t5smallmodel	downloads: 339	likes: 1	task: text2text-generation
dataset: samsum	model: knkarthick/bart-large-xsum-samsum	downloads: 278	likes: 0	task: summarization
dataset: samsum	model: lidiya/bart-base-samsum	downloads: 273	likes: 1	task: summarization
# found: 13024 matches; truncating to 10
task: None --> 10 models
task: None	model: SpanBERT/spanbert-large-cased	downloads: 790879	likes: 1	task: None
task: None	model: microsoft/layoutlmv2-base-uncased	downloads: 429289	likes: 13	task: None
task: None	model: microsoft/deberta-base	downloads: 392874	likes: 7	task: None
task: None	model: microsoft/deberta-v3-base	downloads: 384163	likes: 11	task: None
task: None	model: microsoft/deberta-v3-large	downloads: 337500	likes: 23	task: None
task: None	model: microsoft/layoutlm-base-uncased	downloads: 314169	likes: 7	task: None
task: None	model: facebook/dpr-ctx_encoder-single-nq-base	downloads: 272541	likes: 2	task: None
task: None	model: allenai/scibert_scivocab_uncased	downloads: 217322	likes: 17	task: None
task: None	model: hfl/chinese-electra-180g-base-discriminator	downloads: 216827	likes: 7	task: None
task: None	model: google/bigbird-roberta-base	downloads: 206951	likes: 11	task: None
