hostname = asimov-189.svail.baidu.com
dataset: snli	dataset: snli	downloads: 18398	likes: 6	PWC: https://paperswithcode.com/dataset/snli
dataset: snli,plain_text	splits: test: 10000 rows, train: 550152 rows, val: 10000 rows
dataset: snli,plain_text	split: train	columns: premise, hypothesis, label
dataset: snli,plain_text	labels: entailment, neutral, contradiction
dataset: snli --> 10 models
dataset: snli	model: cross-encoder/nli-distilroberta-base	downloads: 65724	likes: 9	task: zero-shot-classification
dataset: snli	model: ynie/roberta-large-snli_mnli_fever_anli_R1_R2_R3-nli	downloads: 14390	likes: 2	task: text-classification
dataset: snli	model: cross-encoder/nli-deberta-v3-base	downloads: 7573	likes: 3	task: zero-shot-classification
dataset: snli	model: cross-encoder/nli-roberta-base	downloads: 1485	likes: 2	task: zero-shot-classification
dataset: snli	model: cross-encoder/nli-deberta-base	downloads: 1055	likes: 2	task: zero-shot-classification
dataset: snli	model: cross-encoder/nli-deberta-v3-large	downloads: 1022	likes: 3	task: zero-shot-classification
dataset: snli	model: cross-encoder/nli-deberta-v3-small	downloads: 702	likes: 0	task: zero-shot-classification
dataset: snli	model: cross-encoder/nli-MiniLM2-L6-H768	downloads: 541	likes: 0	task: zero-shot-classification
dataset: snli	model: persiannlp/mt5-base-parsinlu-snli-entailment	downloads: 178	likes: 0	task: text2text-generation
dataset: snli	model: navteca/nli-deberta-v3-large	downloads: 169	likes: 0	task: zero-shot-classification
# found: 12917 matches; truncating to 10
task: None --> 10 models
task: None	model: SpanBERT/spanbert-large-cased	downloads: 843328	likes: 1	task: None
task: None	model: microsoft/layoutlmv2-base-uncased	downloads: 477678	likes: 13	task: None
task: None	model: microsoft/deberta-base	downloads: 439927	likes: 7	task: None
task: None	model: microsoft/layoutlm-base-uncased	downloads: 360700	likes: 7	task: None
task: None	model: microsoft/deberta-v3-large	downloads: 325893	likes: 23	task: None
task: None	model: facebook/dpr-ctx_encoder-single-nq-base	downloads: 276176	likes: 2	task: None
task: None	model: microsoft/deberta-v3-base	downloads: 257854	likes: 11	task: None
task: None	model: allenai/scibert_scivocab_uncased	downloads: 223941	likes: 17	task: None
task: None	model: google/bigbird-roberta-base	downloads: 219355	likes: 11	task: None
task: None	model: distilbert-base-cased	downloads: 205367	likes: 6	task: None
