hostname = asimov-26.svail.baidu.com
dataset: squad_es	dataset: squad_es	downloads: 989	likes: 0	PWC: https://paperswithcode.com/dataset/squad-es
dataset: squad_es,v1.1.0	splits: train: 87595 rows, val: 10570 rows
dataset: squad_es,v1.1.0	split: train	columns: id, title, context, question, answers
dataset: squad_es,v2.0.0	splits: train: 130313 rows, val: 11858 rows
dataset: squad_es,v2.0.0	split: train	columns: id, title, context, question, answers
dataset: squad_es --> 10 models
dataset: squad_es	model: IIC/dpr-spanish-question_encoder-allqa-base	downloads: 343	likes: 1	task: fill-mask
dataset: squad_es	model: IIC/dpr-spanish-passage_encoder-allqa-base	downloads: 336	likes: 1	task: fill-mask
dataset: squad_es	model: IIC/dpr-spanish-question_encoder-squades-base	downloads: 307	likes: 3	task: fill-mask
dataset: squad_es	model: IIC/dpr-spanish-passage_encoder-squades-base	downloads: 232	likes: 3	task: fill-mask
dataset: squad_es	model: hackathon-pln-es/roberta-base-bne-squad2-es	downloads: 111	likes: 0	task: question-answering
dataset: squad_es	model: hackathon-pln-es/roberta-base-biomedical-es-squad2-es	downloads: 95	likes: 0	task: question-answering
dataset: squad_es	model: jamarju/roberta-large-bne-squad-2.0-es	downloads: 77	likes: 0	task: question-answering
dataset: squad_es	model: hackathon-pln-es/roberta-base-biomedical-clinical-es-squad2-es	downloads: 73	likes: 0	task: question-answering
dataset: squad_es	model: jamarju/roberta-base-bne-squad-2.0-es	downloads: 72	likes: 0	task: question-answering
dataset: squad_es	model: hackathon-pln-es/biomedtra-small-es-squad2-es	downloads: 72	likes: 0	task: question-answering
# found: 12311 matches; truncating to 10
task: None --> 10 models
task: None	model: SpanBERT/spanbert-large-cased	downloads: 920602	likes: 1	task: None
task: None	model: microsoft/layoutlmv2-base-uncased	downloads: 626617	likes: 12	task: None
task: None	model: microsoft/deberta-base	downloads: 468082	likes: 6	task: None
task: None	model: microsoft/layoutlm-base-uncased	downloads: 387046	likes: 7	task: None
task: None	model: facebook/dpr-ctx_encoder-single-nq-base	downloads: 267457	likes: 2	task: None
task: None	model: distilbert-base-cased	downloads: 223362	likes: 6	task: None
task: None	model: microsoft/deberta-v3-base	downloads: 218789	likes: 11	task: None
task: None	model: hfl/chinese-electra-180g-base-discriminator	downloads: 197076	likes: 5	task: None
task: None	model: allenai/scibert_scivocab_uncased	downloads: 191888	likes: 17	task: None
task: None	model: google/bigbird-roberta-base	downloads: 187790	likes: 11	task: None
