hostname = asimov-134.svail.baidu.com
dataset: squad	dataset: squad	downloads: 190213	likes: 24	PWC: https://paperswithcode.com/dataset/squad
dataset: squad,plain_text	splits: train: 87599 rows, val: 10570 rows
dataset: squad,plain_text	split: train	columns: id, title, context, question, answers
dataset: squad --> 10 models
dataset: squad	model: mrm8488/t5-base-finetuned-question-generation-ap	downloads: 662463	likes: 13	task: text2text-generation
dataset: squad	model: distilbert-base-cased-distilled-squad	downloads: 292088	likes: 11	task: question-answering
dataset: squad	model: distilbert-base-uncased-distilled-squad	downloads: 133847	likes: 6	task: question-answering
dataset: squad	model: valhalla/t5-small-qa-qg-hl	downloads: 74791	likes: 1	task: text2text-generation
dataset: squad	model: thatdramebaazguy/roberta-base-squad	downloads: 37820	likes: 0	task: question-answering
dataset: squad	model: valhalla/t5-base-e2e-qg	downloads: 34893	likes: 1	task: text2text-generation
dataset: squad	model: valhalla/t5-small-qg-hl	downloads: 31168	likes: 0	task: text2text-generation
dataset: squad	model: valhalla/t5-base-qa-qg-hl	downloads: 14609	likes: 1	task: text2text-generation
dataset: squad	model: valhalla/t5-small-e2e-qg	downloads: 11063	likes: 2	task: text2text-generation
dataset: squad	model: pierreguillou/bert-base-cased-squad-v1.1-portuguese	downloads: 10022	likes: 9	task: question-answering
# found: 12313 matches; truncating to 10
task: None --> 10 models
task: None	model: SpanBERT/spanbert-large-cased	downloads: 920602	likes: 1	task: None
task: None	model: microsoft/layoutlmv2-base-uncased	downloads: 626617	likes: 12	task: None
task: None	model: microsoft/deberta-base	downloads: 468082	likes: 6	task: None
task: None	model: microsoft/layoutlm-base-uncased	downloads: 387046	likes: 7	task: None
task: None	model: facebook/dpr-ctx_encoder-single-nq-base	downloads: 267457	likes: 2	task: None
task: None	model: distilbert-base-cased	downloads: 223362	likes: 6	task: None
task: None	model: microsoft/deberta-v3-base	downloads: 218789	likes: 11	task: None
task: None	model: hfl/chinese-electra-180g-base-discriminator	downloads: 197076	likes: 5	task: None
task: None	model: allenai/scibert_scivocab_uncased	downloads: 191888	likes: 17	task: None
task: None	model: google/bigbird-roberta-base	downloads: 187790	likes: 11	task: None
