hostname = asimov-121.svail.baidu.com
dataset: stsb_multi_mt	dataset: stsb_multi_mt	downloads: 7944	likes: 4	
dataset: stsb_multi_mt,en	splits: train: 5749 rows, test: 1379 rows, val: 1500 rows
dataset: stsb_multi_mt,en	split: train	columns: sentence1, sentence2, similarity_score
dataset: stsb_multi_mt,de	splits: train: 5749 rows, test: 1379 rows, val: 1500 rows
dataset: stsb_multi_mt,de	split: train	columns: sentence1, sentence2, similarity_score
dataset: stsb_multi_mt,es	splits: train: 5749 rows, test: 1379 rows, val: 1500 rows
dataset: stsb_multi_mt,es	split: train	columns: sentence1, sentence2, similarity_score
dataset: stsb_multi_mt,fr	splits: train: 5749 rows, test: 1379 rows, val: 1500 rows
dataset: stsb_multi_mt,fr	split: train	columns: sentence1, sentence2, similarity_score
dataset: stsb_multi_mt,it	splits: train: 5749 rows, test: 1379 rows, val: 1500 rows
dataset: stsb_multi_mt,it	split: train	columns: sentence1, sentence2, similarity_score
dataset: stsb_multi_mt,nl	splits: train: 5749 rows, test: 1379 rows, val: 1500 rows
dataset: stsb_multi_mt,nl	split: train	columns: sentence1, sentence2, similarity_score
dataset: stsb_multi_mt,pl	splits: train: 5749 rows, test: 1379 rows, val: 1500 rows
dataset: stsb_multi_mt,pl	split: train	columns: sentence1, sentence2, similarity_score
dataset: stsb_multi_mt,pt	splits: train: 5749 rows, test: 1379 rows, val: 1500 rows
dataset: stsb_multi_mt,pt	split: train	columns: sentence1, sentence2, similarity_score
dataset: stsb_multi_mt,ru	splits: train: 5749 rows, test: 1379 rows, val: 1500 rows
dataset: stsb_multi_mt,ru	split: train	columns: sentence1, sentence2, similarity_score
dataset: stsb_multi_mt,zh	splits: train: 5749 rows, test: 1379 rows, val: 1500 rows
dataset: stsb_multi_mt,zh	split: train	columns: sentence1, sentence2, similarity_score
dataset: stsb_multi_mt --> 10 models
dataset: stsb_multi_mt	model: inokufu/flaubert-base-uncased-xnli-sts	downloads: 3987	likes: 0	task: sentence-similarity
dataset: stsb_multi_mt	model: dangvantuan/sentence-camembert-large	downloads: 635	likes: 4	task: sentence-similarity
dataset: stsb_multi_mt	model: T-Systems-onsite/cross-de-fr-roberta-sentence-transformer	downloads: 429	likes: 0	task: feature-extraction
dataset: stsb_multi_mt	model: mrm8488/distiluse-base-multilingual-cased-v2-finetuned-stsb_multi_mt-es	downloads: 358	likes: 1	task: sentence-similarity
dataset: stsb_multi_mt	model: dangvantuan/sentence-camembert-base	downloads: 297	likes: 1	task: sentence-similarity
dataset: stsb_multi_mt	model: eduardofv/stsb-m-mt-es-distiluse-base-multilingual-cased-v1	downloads: 285	likes: 0	task: feature-extraction
dataset: stsb_multi_mt	model: hugorosen/flaubert_base_uncased-xnli-sts	downloads: 147	likes: 0	task: sentence-similarity
dataset: stsb_multi_mt	model: efederici/sentence-bert-base	downloads: 133	likes: 0	task: sentence-similarity
dataset: stsb_multi_mt	model: efederici/cross-encoder-bert-base-stsb	downloads: 90	likes: 0	task: text-classification
dataset: stsb_multi_mt	model: T-Systems-onsite/cross-en-fr-roberta-sentence-transformer	downloads: 62	likes: 0	task: feature-extraction
# found: 12919 matches; truncating to 10
task: None --> 10 models
task: None	model: SpanBERT/spanbert-large-cased	downloads: 843328	likes: 1	task: None
task: None	model: microsoft/layoutlmv2-base-uncased	downloads: 477678	likes: 13	task: None
task: None	model: microsoft/deberta-base	downloads: 439927	likes: 7	task: None
task: None	model: microsoft/layoutlm-base-uncased	downloads: 360700	likes: 7	task: None
task: None	model: microsoft/deberta-v3-large	downloads: 325893	likes: 23	task: None
task: None	model: facebook/dpr-ctx_encoder-single-nq-base	downloads: 276176	likes: 2	task: None
task: None	model: microsoft/deberta-v3-base	downloads: 257854	likes: 11	task: None
task: None	model: allenai/scibert_scivocab_uncased	downloads: 223941	likes: 17	task: None
task: None	model: google/bigbird-roberta-base	downloads: 219355	likes: 11	task: None
task: None	model: distilbert-base-cased	downloads: 205367	likes: 6	task: None
