dataset: trec	dataset: trec	downloads: 18662	likes: 3	PWC: https://paperswithcode.com/dataset/trecqa
dataset: trec	splits: train: 5452 rows, test: 500 rows
dataset: trec	split: train	columns: label-coarse, label-fine, text
dataset: trec --> 4 models
dataset: trec	model: aychang/bert-base-cased-trec-coarse	downloads: 84	likes: 0	task: text-classification
dataset: trec	model: AdapterHub/bert-base-uncased-pf-trec	downloads: 27	likes: 0	task: text-classification
dataset: trec	model: aychang/distilbert-base-cased-trec-coarse	downloads: 23	likes: 0	task: text-classification
dataset: trec	model: AdapterHub/roberta-base-pf-trec	downloads: 14	likes: 0	task: text-classification
# found: 11548 matches; truncating to 10
task: None --> 10 models
task: None	model: SpanBERT/spanbert-large-cased	downloads: 966100	likes: 1	task: None
task: None	model: microsoft/layoutlmv2-base-uncased	downloads: 661877	likes: 12	task: None
task: None	model: microsoft/layoutlm-base-uncased	downloads: 566673	likes: 7	task: None
task: None	model: microsoft/deberta-base	downloads: 505183	likes: 5	task: None
task: None	model: facebook/dpr-ctx_encoder-single-nq-base	downloads: 294553	likes: 2	task: None
task: None	model: dmis-lab/biobert-base-cased-v1.1	downloads: 253650	likes: 7	task: None
task: None	model: distilbert-base-cased	downloads: 241127	likes: 6	task: None
task: None	model: hfl/chinese-electra-180g-base-discriminator	downloads: 200050	likes: 5	task: None
task: None	model: google/bigbird-roberta-base	downloads: 199058	likes: 11	task: None
task: None	model: microsoft/deberta-v3-base	downloads: 198937	likes: 11	task: None
