hostname = asimov-125.svail.baidu.com
dataset: yelp_review_full	dataset: yelp_review_full	downloads: 12624	likes: 4	
dataset: yelp_review_full,yelp_review_full	splits: train: 650000 rows, test: 50000 rows
dataset: yelp_review_full,yelp_review_full	split: train	columns: label, text
dataset: yelp_review_full,yelp_review_full	labels: 1 star, 2 star, 3 stars, 4 stars, 5 stars
dataset: yelp_review_full --> 3 models
dataset: yelp_review_full	model: Yaxin/electra-small-discriminator-yelp-mlm	downloads: 15	likes: 0	task: fill-mask
dataset: yelp_review_full	model: Yaxin/xlm-roberta-base-yelp-mlm	downloads: 9	likes: 0	task: fill-mask
dataset: yelp_review_full	model: Yaxin/electra-base-discriminator-yelp-mlm	downloads: 6	likes: 0	task: fill-mask
# found: 12313 matches; truncating to 10
task: None --> 10 models
task: None	model: SpanBERT/spanbert-large-cased	downloads: 920602	likes: 1	task: None
task: None	model: microsoft/layoutlmv2-base-uncased	downloads: 626617	likes: 12	task: None
task: None	model: microsoft/deberta-base	downloads: 468082	likes: 6	task: None
task: None	model: microsoft/layoutlm-base-uncased	downloads: 387046	likes: 7	task: None
task: None	model: facebook/dpr-ctx_encoder-single-nq-base	downloads: 267457	likes: 2	task: None
task: None	model: distilbert-base-cased	downloads: 223362	likes: 6	task: None
task: None	model: microsoft/deberta-v3-base	downloads: 218789	likes: 11	task: None
task: None	model: hfl/chinese-electra-180g-base-discriminator	downloads: 197076	likes: 5	task: None
task: None	model: allenai/scibert_scivocab_uncased	downloads: 191888	likes: 17	task: None
task: None	model: google/bigbird-roberta-base	downloads: 187790	likes: 11	task: None
