hostname = asimov-142.svail.baidu.com
dataset: yelp_polarity	dataset: yelp_polarity	downloads: 8114	likes: 2	
dataset: yelp_polarity,plain_text	splits: train: 560000 rows, test: 38000 rows
dataset: yelp_polarity,plain_text	split: train	columns: text, label
dataset: yelp_polarity,plain_text	labels: 1, 2
dataset: yelp_polarity --> 8 models
dataset: yelp_polarity	model: felflare/bert-restore-punctuation	downloads: 55721	likes: 19	task: token-classification
dataset: yelp_polarity	model: VictorSanh/roberta-base-finetuned-yelp-polarity	downloads: 294	likes: 1	task: text-classification
dataset: yelp_polarity	model: st1992/bert-restore-punctuation	downloads: 152	likes: 0	task: token-classification
dataset: yelp_polarity	model: speeqo/bert-restore-punctuation	downloads: 54	likes: 0	task: token-classification
dataset: yelp_polarity	model: fabriceyhc/bert-base-uncased-yelp_polarity	downloads: 35	likes: 0	task: text-classification
dataset: yelp_polarity	model: AdapterHub/bert-base-uncased-pf-yelp_polarity	downloads: 21	likes: 0	task: text-classification
dataset: yelp_polarity	model: mgreenbe/607-demo-model	downloads: 13	likes: 0	task: text-classification
dataset: yelp_polarity	model: AdapterHub/roberta-base-pf-yelp_polarity	downloads: 9	likes: 0	task: text-classification
# found: 13024 matches; truncating to 10
task: None --> 10 models
task: None	model: SpanBERT/spanbert-large-cased	downloads: 790879	likes: 1	task: None
task: None	model: microsoft/layoutlmv2-base-uncased	downloads: 429289	likes: 13	task: None
task: None	model: microsoft/deberta-base	downloads: 392874	likes: 7	task: None
task: None	model: microsoft/deberta-v3-base	downloads: 384163	likes: 11	task: None
task: None	model: microsoft/deberta-v3-large	downloads: 337500	likes: 23	task: None
task: None	model: microsoft/layoutlm-base-uncased	downloads: 314169	likes: 7	task: None
task: None	model: facebook/dpr-ctx_encoder-single-nq-base	downloads: 272541	likes: 2	task: None
task: None	model: allenai/scibert_scivocab_uncased	downloads: 217322	likes: 17	task: None
task: None	model: hfl/chinese-electra-180g-base-discriminator	downloads: 216827	likes: 7	task: None
task: None	model: google/bigbird-roberta-base	downloads: 206951	likes: 11	task: None
