name: squeeze_bert_model_0	labels (NA): NA	SqueezeBertModel(
  (embeddings): SqueezeBertEmbeddings(
    (word_embeddings): Embedding(30528, 768, sparse=False)
    (position_embeddings): Embedding(512, 768, sparse=False)
    (token_type_embeddings): Embedding(2, 768, sparse=False)
    (LayerNorm): LayerNorm(normalized_shape=[768], epsilon=1e-12)
    (dropout): Dropout(p=0.1, axis=None, mode=upscale_in_train)
  )
  (encoder): SqueezeBertEncoder(
    (layers): LayerList(
      (0): SqueezeBertLayer(
        (attention): SqueezeBertSelfAttention(
          (query): Conv1D(768, 768, kernel_size=[1], groups=4, data_format=NCL)
          (key): Conv1D(768, 768, kernel_size=[1], groups=4, data_format=NCL)
          (value): Conv1D(768, 768, kernel_size=[1], groups=4, data_format=NCL)
          (dropout): Dropout(p=0.1, axis=None, mode=upscale_in_train)
          (softmax): Softmax(axis=-1)
          (matmul_qk): MatMulWrapper()
          (matmul_qkv): MatMulWrapper()
        )
        (post_attention): ConvDropoutLayerNorm(
          (conv1d): Conv1D(768, 768, kernel_size=[1], data_format=NCL)
          (layernorm): SqueezeBertLayerNorm(normalized_shape=[768], epsilon=1e-12)
          (dropout): Dropout(p=0.1, axis=None, mode=upscale_in_train)
        )
        (intermediate): ConvActivation(
          (conv1d): Conv1D(768, 3072, kernel_size=[1], groups=4, data_format=NCL)
          (act): GELU(approximate=False)
        )
        (output): ConvDropoutLayerNorm(
          (conv1d): Conv1D(3072, 768, kernel_size=[1], groups=4, data_format=NCL)
          (layernorm): SqueezeBertLayerNorm(normalized_shape=[768], epsilon=1e-12)
          (dropout): Dropout(p=0.1, axis=None, mode=upscale_in_train)
        )
      )
      (1): SqueezeBertLayer(
        (attention): SqueezeBertSelfAttention(
          (query): Conv1D(768, 768, kernel_size=[1], groups=4, data_format=NCL)
          (key): Conv1D(768, 768, kernel_size=[1], groups=4, data_format=NCL)
          (value): Conv1D(768, 768, kernel_size=[1], groups=4, data_format=NCL)
          (dropout): Dropout(p=0.1, axis=None, mode=upscale_in_train)
          (softmax): Softmax(axis=-1)
          (matmul_qk): MatMulWrapper()
          (matmul_qkv): MatMulWrapper()
        )
        (post_attention): ConvDropoutLayerNorm(
          (conv1d): Conv1D(768, 768, kernel_size=[1], data_format=NCL)
          (layernorm): SqueezeBertLayerNorm(normalized_shape=[768], epsilon=1e-12)
          (dropout): Dropout(p=0.1, axis=None, mode=upscale_in_train)
        )
        (intermediate): ConvActivation(
          (conv1d): Conv1D(768, 3072, kernel_size=[1], groups=4, data_format=NCL)
          (act): GELU(approximate=False)
        )
        (output): ConvDropoutLayerNorm(
          (conv1d): Conv1D(3072, 768, kernel_size=[1], groups=4, data_format=NCL)
          (layernorm): SqueezeBertLayerNorm(normalized_shape=[768], epsilon=1e-12)
          (dropout): Dropout(p=0.1, axis=None, mode=upscale_in_train)
        )
      )
      (2): SqueezeBertLayer(
        (attention): SqueezeBertSelfAttention(
          (query): Conv1D(768, 768, kernel_size=[1], groups=4, data_format=NCL)
          (key): Conv1D(768, 768, kernel_size=[1], groups=4, data_format=NCL)
          (value): Conv1D(768, 768, kernel_size=[1], groups=4, data_format=NCL)
          (dropout): Dropout(p=0.1, axis=None, mode=upscale_in_train)
          (softmax): Softmax(axis=-1)
          (matmul_qk): MatMulWrapper()
          (matmul_qkv): MatMulWrapper()
        )
        (post_attention): ConvDropoutLayerNorm(
          (conv1d): Conv1D(768, 768, kernel_size=[1], data_format=NCL)
          (layernorm): SqueezeBertLayerNorm(normalized_shape=[768], epsilon=1e-12)
          (dropout): Dropout(p=0.1, axis=None, mode=upscale_in_train)
        )
        (intermediate): ConvActivation(
          (conv1d): Conv1D(768, 3072, kernel_size=[1], groups=4, data_format=NCL)
          (act): GELU(approximate=False)
        )
        (output): ConvDropoutLayerNorm(
          (conv1d): Conv1D(3072, 768, kernel_size=[1], groups=4, data_format=NCL)
          (layernorm): SqueezeBertLayerNorm(normalized_shape=[768], epsilon=1e-12)
          (dropout): Dropout(p=0.1, axis=None, mode=upscale_in_train)
        )
      )
      (3): SqueezeBertLayer(
        (attention): SqueezeBertSelfAttention(
          (query): Conv1D(768, 768, kernel_size=[1], groups=4, data_format=NCL)
          (key): Conv1D(768, 768, kernel_size=[1], groups=4, data_format=NCL)
          (value): Conv1D(768, 768, kernel_size=[1], groups=4, data_format=NCL)
          (dropout): Dropout(p=0.1, axis=None, mode=upscale_in_train)
          (softmax): Softmax(axis=-1)
          (matmul_qk): MatMulWrapper()
          (matmul_qkv): MatMulWrapper()
        )
        (post_attention): ConvDropoutLayerNorm(
          (conv1d): Conv1D(768, 768, kernel_size=[1], data_format=NCL)
          (layernorm): SqueezeBertLayerNorm(normalized_shape=[768], epsilon=1e-12)
          (dropout): Dropout(p=0.1, axis=None, mode=upscale_in_train)
        )
        (intermediate): ConvActivation(
          (conv1d): Conv1D(768, 3072, kernel_size=[1], groups=4, data_format=NCL)
          (act): GELU(approximate=False)
        )
        (output): ConvDropoutLayerNorm(
          (conv1d): Conv1D(3072, 768, kernel_size=[1], groups=4, data_format=NCL)
          (layernorm): SqueezeBertLayerNorm(normalized_shape=[768], epsilon=1e-12)
          (dropout): Dropout(p=0.1, axis=None, mode=upscale_in_train)
        )
      )
      (4): SqueezeBertLayer(
        (attention): SqueezeBertSelfAttention(
          (query): Conv1D(768, 768, kernel_size=[1], groups=4, data_format=NCL)
          (key): Conv1D(768, 768, kernel_size=[1], groups=4, data_format=NCL)
          (value): Conv1D(768, 768, kernel_size=[1], groups=4, data_format=NCL)
          (dropout): Dropout(p=0.1, axis=None, mode=upscale_in_train)
          (softmax): Softmax(axis=-1)
          (matmul_qk): MatMulWrapper()
          (matmul_qkv): MatMulWrapper()
        )
        (post_attention): ConvDropoutLayerNorm(
          (conv1d): Conv1D(768, 768, kernel_size=[1], data_format=NCL)
          (layernorm): SqueezeBertLayerNorm(normalized_shape=[768], epsilon=1e-12)
          (dropout): Dropout(p=0.1, axis=None, mode=upscale_in_train)
        )
        (intermediate): ConvActivation(
          (conv1d): Conv1D(768, 3072, kernel_size=[1], groups=4, data_format=NCL)
          (act): GELU(approximate=False)
        )
        (output): ConvDropoutLayerNorm(
          (conv1d): Conv1D(3072, 768, kernel_size=[1], groups=4, data_format=NCL)
          (layernorm): SqueezeBertLayerNorm(normalized_shape=[768], epsilon=1e-12)
          (dropout): Dropout(p=0.1, axis=None, mode=upscale_in_train)
        )
      )
      (5): SqueezeBertLayer(
        (attention): SqueezeBertSelfAttention(
          (query): Conv1D(768, 768, kernel_size=[1], groups=4, data_format=NCL)
          (key): Conv1D(768, 768, kernel_size=[1], groups=4, data_format=NCL)
          (value): Conv1D(768, 768, kernel_size=[1], groups=4, data_format=NCL)
          (dropout): Dropout(p=0.1, axis=None, mode=upscale_in_train)
          (softmax): Softmax(axis=-1)
          (matmul_qk): MatMulWrapper()
          (matmul_qkv): MatMulWrapper()
        )
        (post_attention): ConvDropoutLayerNorm(
          (conv1d): Conv1D(768, 768, kernel_size=[1], data_format=NCL)
          (layernorm): SqueezeBertLayerNorm(normalized_shape=[768], epsilon=1e-12)
          (dropout): Dropout(p=0.1, axis=None, mode=upscale_in_train)
        )
        (intermediate): ConvActivation(
          (conv1d): Conv1D(768, 3072, kernel_size=[1], groups=4, data_format=NCL)
          (act): GELU(approximate=False)
        )
        (output): ConvDropoutLayerNorm(
          (conv1d): Conv1D(3072, 768, kernel_size=[1], groups=4, data_format=NCL)
          (layernorm): SqueezeBertLayerNorm(normalized_shape=[768], epsilon=1e-12)
          (dropout): Dropout(p=0.1, axis=None, mode=upscale_in_train)
        )
      )
      (6): SqueezeBertLayer(
        (attention): SqueezeBertSelfAttention(
          (query): Conv1D(768, 768, kernel_size=[1], groups=4, data_format=NCL)
          (key): Conv1D(768, 768, kernel_size=[1], groups=4, data_format=NCL)
          (value): Conv1D(768, 768, kernel_size=[1], groups=4, data_format=NCL)
          (dropout): Dropout(p=0.1, axis=None, mode=upscale_in_train)
          (softmax): Softmax(axis=-1)
          (matmul_qk): MatMulWrapper()
          (matmul_qkv): MatMulWrapper()
        )
        (post_attention): ConvDropoutLayerNorm(
          (conv1d): Conv1D(768, 768, kernel_size=[1], data_format=NCL)
          (layernorm): SqueezeBertLayerNorm(normalized_shape=[768], epsilon=1e-12)
          (dropout): Dropout(p=0.1, axis=None, mode=upscale_in_train)
        )
        (intermediate): ConvActivation(
          (conv1d): Conv1D(768, 3072, kernel_size=[1], groups=4, data_format=NCL)
          (act): GELU(approximate=False)
        )
        (output): ConvDropoutLayerNorm(
          (conv1d): Conv1D(3072, 768, kernel_size=[1], groups=4, data_format=NCL)
          (layernorm): SqueezeBertLayerNorm(normalized_shape=[768], epsilon=1e-12)
          (dropout): Dropout(p=0.1, axis=None, mode=upscale_in_train)
        )
      )
      (7): SqueezeBertLayer(
        (attention): SqueezeBertSelfAttention(
          (query): Conv1D(768, 768, kernel_size=[1], groups=4, data_format=NCL)
          (key): Conv1D(768, 768, kernel_size=[1], groups=4, data_format=NCL)
          (value): Conv1D(768, 768, kernel_size=[1], groups=4, data_format=NCL)
          (dropout): Dropout(p=0.1, axis=None, mode=upscale_in_train)
          (softmax): Softmax(axis=-1)
          (matmul_qk): MatMulWrapper()
          (matmul_qkv): MatMulWrapper()
        )
        (post_attention): ConvDropoutLayerNorm(
          (conv1d): Conv1D(768, 768, kernel_size=[1], data_format=NCL)
          (layernorm): SqueezeBertLayerNorm(normalized_shape=[768], epsilon=1e-12)
          (dropout): Dropout(p=0.1, axis=None, mode=upscale_in_train)
        )
        (intermediate): ConvActivation(
          (conv1d): Conv1D(768, 3072, kernel_size=[1], groups=4, data_format=NCL)
          (act): GELU(approximate=False)
        )
        (output): ConvDropoutLayerNorm(
          (conv1d): Conv1D(3072, 768, kernel_size=[1], groups=4, data_format=NCL)
          (layernorm): SqueezeBertLayerNorm(normalized_shape=[768], epsilon=1e-12)
          (dropout): Dropout(p=0.1, axis=None, mode=upscale_in_train)
        )
      )
      (8): SqueezeBertLayer(
        (attention): SqueezeBertSelfAttention(
          (query): Conv1D(768, 768, kernel_size=[1], groups=4, data_format=NCL)
          (key): Conv1D(768, 768, kernel_size=[1], groups=4, data_format=NCL)
          (value): Conv1D(768, 768, kernel_size=[1], groups=4, data_format=NCL)
          (dropout): Dropout(p=0.1, axis=None, mode=upscale_in_train)
          (softmax): Softmax(axis=-1)
          (matmul_qk): MatMulWrapper()
          (matmul_qkv): MatMulWrapper()
        )
        (post_attention): ConvDropoutLayerNorm(
          (conv1d): Conv1D(768, 768, kernel_size=[1], data_format=NCL)
          (layernorm): SqueezeBertLayerNorm(normalized_shape=[768], epsilon=1e-12)
          (dropout): Dropout(p=0.1, axis=None, mode=upscale_in_train)
        )
        (intermediate): ConvActivation(
          (conv1d): Conv1D(768, 3072, kernel_size=[1], groups=4, data_format=NCL)
          (act): GELU(approximate=False)
        )
        (output): ConvDropoutLayerNorm(
          (conv1d): Conv1D(3072, 768, kernel_size=[1], groups=4, data_format=NCL)
          (layernorm): SqueezeBertLayerNorm(normalized_shape=[768], epsilon=1e-12)
          (dropout): Dropout(p=0.1, axis=None, mode=upscale_in_train)
        )
      )
      (9): SqueezeBertLayer(
        (attention): SqueezeBertSelfAttention(
          (query): Conv1D(768, 768, kernel_size=[1], groups=4, data_format=NCL)
          (key): Conv1D(768, 768, kernel_size=[1], groups=4, data_format=NCL)
          (value): Conv1D(768, 768, kernel_size=[1], groups=4, data_format=NCL)
          (dropout): Dropout(p=0.1, axis=None, mode=upscale_in_train)
          (softmax): Softmax(axis=-1)
          (matmul_qk): MatMulWrapper()
          (matmul_qkv): MatMulWrapper()
        )
        (post_attention): ConvDropoutLayerNorm(
          (conv1d): Conv1D(768, 768, kernel_size=[1], data_format=NCL)
          (layernorm): SqueezeBertLayerNorm(normalized_shape=[768], epsilon=1e-12)
          (dropout): Dropout(p=0.1, axis=None, mode=upscale_in_train)
        )
        (intermediate): ConvActivation(
          (conv1d): Conv1D(768, 3072, kernel_size=[1], groups=4, data_format=NCL)
          (act): GELU(approximate=False)
        )
        (output): ConvDropoutLayerNorm(
          (conv1d): Conv1D(3072, 768, kernel_size=[1], groups=4, data_format=NCL)
          (layernorm): SqueezeBertLayerNorm(normalized_shape=[768], epsilon=1e-12)
          (dropout): Dropout(p=0.1, axis=None, mode=upscale_in_train)
        )
      )
      (10): SqueezeBertLayer(
        (attention): SqueezeBertSelfAttention(
          (query): Conv1D(768, 768, kernel_size=[1], groups=4, data_format=NCL)
          (key): Conv1D(768, 768, kernel_size=[1], groups=4, data_format=NCL)
          (value): Conv1D(768, 768, kernel_size=[1], groups=4, data_format=NCL)
          (dropout): Dropout(p=0.1, axis=None, mode=upscale_in_train)
          (softmax): Softmax(axis=-1)
          (matmul_qk): MatMulWrapper()
          (matmul_qkv): MatMulWrapper()
        )
        (post_attention): ConvDropoutLayerNorm(
          (conv1d): Conv1D(768, 768, kernel_size=[1], data_format=NCL)
          (layernorm): SqueezeBertLayerNorm(normalized_shape=[768], epsilon=1e-12)
          (dropout): Dropout(p=0.1, axis=None, mode=upscale_in_train)
        )
        (intermediate): ConvActivation(
          (conv1d): Conv1D(768, 3072, kernel_size=[1], groups=4, data_format=NCL)
          (act): GELU(approximate=False)
        )
        (output): ConvDropoutLayerNorm(
          (conv1d): Conv1D(3072, 768, kernel_size=[1], groups=4, data_format=NCL)
          (layernorm): SqueezeBertLayerNorm(normalized_shape=[768], epsilon=1e-12)
          (dropout): Dropout(p=0.1, axis=None, mode=upscale_in_train)
        )
      )
      (11): SqueezeBertLayer(
        (attention): SqueezeBertSelfAttention(
          (query): Conv1D(768, 768, kernel_size=[1], groups=4, data_format=NCL)
          (key): Conv1D(768, 768, kernel_size=[1], groups=4, data_format=NCL)
          (value): Conv1D(768, 768, kernel_size=[1], groups=4, data_format=NCL)
          (dropout): Dropout(p=0.1, axis=None, mode=upscale_in_train)
          (softmax): Softmax(axis=-1)
          (matmul_qk): MatMulWrapper()
          (matmul_qkv): MatMulWrapper()
        )
        (post_attention): ConvDropoutLayerNorm(
          (conv1d): Conv1D(768, 768, kernel_size=[1], data_format=NCL)
          (layernorm): SqueezeBertLayerNorm(normalized_shape=[768], epsilon=1e-12)
          (dropout): Dropout(p=0.1, axis=None, mode=upscale_in_train)
        )
        (intermediate): ConvActivation(
          (conv1d): Conv1D(768, 3072, kernel_size=[1], groups=4, data_format=NCL)
          (act): GELU(approximate=False)
        )
        (output): ConvDropoutLayerNorm(
          (conv1d): Conv1D(3072, 768, kernel_size=[1], groups=4, data_format=NCL)
          (layernorm): SqueezeBertLayerNorm(normalized_shape=[768], epsilon=1e-12)
          (dropout): Dropout(p=0.1, axis=None, mode=upscale_in_train)
        )
      )
    )
  )
  (pooler): SqueezeBertPooler(
    (dense): Linear(in_features=768, out_features=768, dtype=float32)
    (activation): Tanh()
  )
)
