hostname = asimov-168.svail.baidu.com
dataset: adversarial_qa	dataset: adversarial_qa	downloads: 15825	likes: 7	PWC: https://paperswithcode.com/dataset/adversarialqa
dataset: adversarial_qa,adversarialQA	splits: train: 30000 rows, test: 3000 rows, val: 3000 rows
dataset: adversarial_qa,adversarialQA	split: train	columns: id, title, context, question, answers, metadata
dataset: adversarial_qa,dbidaf	splits: train: 10000 rows, test: 1000 rows, val: 1000 rows
dataset: adversarial_qa,dbidaf	split: train	columns: id, title, context, question, answers, metadata
dataset: adversarial_qa,dbert	splits: train: 10000 rows, test: 1000 rows, val: 1000 rows
dataset: adversarial_qa,dbert	split: train	columns: id, title, context, question, answers, metadata
dataset: adversarial_qa,droberta	splits: train: 10000 rows, test: 1000 rows, val: 1000 rows
dataset: adversarial_qa,droberta	split: train	columns: id, title, context, question, answers, metadata
dataset: adversarial_qa --> 1 models
dataset: adversarial_qa	model: T-qualizer/distilbert-base-uncased-finetuned-advers	downloads: 21	likes: 0	task: question-answering
# found: 12917 matches; truncating to 10
task: None --> 10 models
task: None	model: SpanBERT/spanbert-large-cased	downloads: 843328	likes: 1	task: None
task: None	model: microsoft/layoutlmv2-base-uncased	downloads: 477678	likes: 13	task: None
task: None	model: microsoft/deberta-base	downloads: 439927	likes: 7	task: None
task: None	model: microsoft/layoutlm-base-uncased	downloads: 360700	likes: 7	task: None
task: None	model: microsoft/deberta-v3-large	downloads: 325893	likes: 23	task: None
task: None	model: facebook/dpr-ctx_encoder-single-nq-base	downloads: 276176	likes: 2	task: None
task: None	model: microsoft/deberta-v3-base	downloads: 257854	likes: 11	task: None
task: None	model: allenai/scibert_scivocab_uncased	downloads: 223941	likes: 17	task: None
task: None	model: google/bigbird-roberta-base	downloads: 219355	likes: 11	task: None
task: None	model: distilbert-base-cased	downloads: 205367	likes: 6	task: None
