hostname = asimov-102.svail.baidu.com
dataset: amazon_reviews_multi	dataset: amazon_reviews_multi	downloads: 14760	likes: 11	
dataset: amazon_reviews_multi,all_languages	splits: train: 1200000 rows, test: 30000 rows, val: 30000 rows
dataset: amazon_reviews_multi,all_languages	split: train	columns: review_id, product_id, reviewer_id, stars, review_body, review_title, language, product_category
dataset: amazon_reviews_multi,de	splits: train: 200000 rows, test: 5000 rows, val: 5000 rows
dataset: amazon_reviews_multi,de	split: train	columns: review_id, product_id, reviewer_id, stars, review_body, review_title, language, product_category
dataset: amazon_reviews_multi,en	splits: train: 200000 rows, test: 5000 rows, val: 5000 rows
dataset: amazon_reviews_multi,en	split: train	columns: review_id, product_id, reviewer_id, stars, review_body, review_title, language, product_category
dataset: amazon_reviews_multi,es	splits: train: 200000 rows, test: 5000 rows, val: 5000 rows
dataset: amazon_reviews_multi,es	split: train	columns: review_id, product_id, reviewer_id, stars, review_body, review_title, language, product_category
dataset: amazon_reviews_multi,fr	splits: train: 200000 rows, test: 5000 rows, val: 5000 rows
dataset: amazon_reviews_multi,fr	split: train	columns: review_id, product_id, reviewer_id, stars, review_body, review_title, language, product_category
dataset: amazon_reviews_multi,ja	splits: train: 200000 rows, test: 5000 rows, val: 5000 rows
dataset: amazon_reviews_multi,ja	split: train	columns: review_id, product_id, reviewer_id, stars, review_body, review_title, language, product_category
dataset: amazon_reviews_multi,zh	splits: train: 200000 rows, test: 5000 rows, val: 5000 rows
dataset: amazon_reviews_multi,zh	split: train	columns: review_id, product_id, reviewer_id, stars, review_body, review_title, language, product_category
dataset: amazon_reviews_multi --> 10 models
dataset: amazon_reviews_multi	model: cmarkea/distilcamembert-base-sentiment	downloads: 47497	likes: 6	task: text-classification
dataset: amazon_reviews_multi	model: philschmid/distilbert-base-multilingual-cased-sentiment	downloads: 260	likes: 0	task: text-classification
dataset: amazon_reviews_multi	model: philschmid/distilbert-base-multilingual-cased-sentiment-2	downloads: 188	likes: 0	task: text-classification
dataset: amazon_reviews_multi	model: lewtun/xlm-roberta-base-finetuned-marc	downloads: 159	likes: 1	task: text-classification
dataset: amazon_reviews_multi	model: mrm8488/electricidad-small-finetuned-amazon-review-classification	downloads: 141	likes: 0	task: text-classification
dataset: amazon_reviews_multi	model: lewtun/xlm-roberta-base-finetuned-marc-en	downloads: 129	likes: 0	task: text-classification
dataset: amazon_reviews_multi	model: claudio75/xlm-roberta-base-finetuned-marc	downloads: 82	likes: 0	task: text-classification
dataset: amazon_reviews_multi	model: Giannipinelli/xlm-roberta-base-finetuned-marc-en	downloads: 62	likes: 0	task: text-classification
dataset: amazon_reviews_multi	model: lewtun/roberta-base-bne-finetuned-amazon_reviews_multi	downloads: 55	likes: 0	task: text-classification
dataset: amazon_reviews_multi	model: begar/xlm-roberta-base-finetuned-marc	downloads: 51	likes: 0	task: text-classification
# found: 12311 matches; truncating to 10
task: None --> 10 models
task: None	model: SpanBERT/spanbert-large-cased	downloads: 920602	likes: 1	task: None
task: None	model: microsoft/layoutlmv2-base-uncased	downloads: 626617	likes: 12	task: None
task: None	model: microsoft/deberta-base	downloads: 468082	likes: 6	task: None
task: None	model: microsoft/layoutlm-base-uncased	downloads: 387046	likes: 7	task: None
task: None	model: facebook/dpr-ctx_encoder-single-nq-base	downloads: 267457	likes: 2	task: None
task: None	model: distilbert-base-cased	downloads: 223362	likes: 6	task: None
task: None	model: microsoft/deberta-v3-base	downloads: 218789	likes: 11	task: None
task: None	model: hfl/chinese-electra-180g-base-discriminator	downloads: 197076	likes: 5	task: None
task: None	model: allenai/scibert_scivocab_uncased	downloads: 191888	likes: 17	task: None
task: None	model: google/bigbird-roberta-base	downloads: 187790	likes: 11	task: None
