dataset: anli	dataset: anli	downloads: 27242	likes: 4	PWC: https://paperswithcode.com/dataset/anli
dataset: anli,plain_text	splits: train_r1: 16946 rows, dev_r1: 1000 rows, test_r1: 1000 rows, train_r2: 45460 rows, dev_r2: 1000 rows, test_r2: 1000 rows, train_r3: 100459 rows, dev_r3: 1200 rows, test_r3: 1200 rows
dataset: anli --> 8 models
dataset: anli	model: ynie/roberta-large-snli_mnli_fever_anli_R1_R2_R3-nli	downloads: 23644	likes: 2	task: text-classification
dataset: anli	model: vicgalle/xlm-roberta-large-xnli-anli	downloads: 11313	likes: 8	task: zero-shot-classification
dataset: anli	model: MoritzLaurer/DeBERTa-v3-base-mnli-fever-anli	downloads: 3005	likes: 7	task: zero-shot-classification
dataset: anli	model: MoritzLaurer/xtremedistil-l6-h256-mnli-fever-anli-ling-binary	downloads: 363	likes: 0	task: zero-shot-classification
dataset: anli	model: MoritzLaurer/DeBERTa-v3-xsmall-mnli-fever-anli-ling-binary	downloads: 218	likes: 0	task: zero-shot-classification
dataset: anli	model: usc-isi/sbert-roberta-large-anli-mnli-snli	downloads: 108	likes: 0	task: sentence-similarity
dataset: anli	model: AdapterHub/bert-base-uncased-pf-anli_r3	downloads: 20	likes: 0	task: text-classification
dataset: anli	model: AdapterHub/roberta-base-pf-anli_r3	downloads: 13	likes: 0	task: text-classification
# found: 11541 matches; truncating to 10
task: None --> 10 models
task: None	model: SpanBERT/spanbert-large-cased	downloads: 966100	likes: 1	task: None
task: None	model: microsoft/layoutlmv2-base-uncased	downloads: 661877	likes: 12	task: None
task: None	model: microsoft/layoutlm-base-uncased	downloads: 566673	likes: 7	task: None
task: None	model: microsoft/deberta-base	downloads: 505183	likes: 5	task: None
task: None	model: facebook/dpr-ctx_encoder-single-nq-base	downloads: 294553	likes: 2	task: None
task: None	model: dmis-lab/biobert-base-cased-v1.1	downloads: 253650	likes: 7	task: None
task: None	model: distilbert-base-cased	downloads: 241127	likes: 6	task: None
task: None	model: hfl/chinese-electra-180g-base-discriminator	downloads: 200050	likes: 5	task: None
task: None	model: google/bigbird-roberta-base	downloads: 199058	likes: 11	task: None
task: None	model: microsoft/deberta-v3-base	downloads: 198937	likes: 11	task: None
