dataset: banking77	dataset: banking77	downloads: 8029	likes: 7	
dataset: banking77	splits: train: 10003 rows, test: 3080 rows
dataset: banking77	split: train	columns: text, label
dataset: banking77	labels: activate_my_card, age_limit, apple_pay_or_google_pay, atm_support, automatic_top_up, balance_not_updated_after_bank_transfer, balance_not_updated_after_cheque_or_cash_deposit, beneficiary_not_allowed, cancel_transfer, card_about_to_expire, card_acceptance, card_arrival, card_delivery_estimate, card_linking, card_not_working, card_payment_fee_charged, card_payment_not_recognised, card_payment_wrong_exchange_rate, card_swallowed, cash_withdrawal_charge, cash_withdrawal_not_recognised, change_pin, compromised_card, contactless_not_working, country_support, declined_card_payment, declined_cash_withdrawal, declined_transfer, direct_debit_payment_not_recognised, disposable_card_limits, edit_personal_details, exchange_charge, exchange_rate, exchange_via_app, extra_charge_on_statement, failed_transfer, fiat_currency_support, get_disposable_virtual_card, get_physical_card, getting_spare_card, getting_virtual_card, lost_or_stolen_card, lost_or_stolen_phone, order_physical_card, passcode_forgotten, pending_card_payment, pending_cash_withdrawal, pending_top_up, pending_transfer, pin_blocked, receiving_money, Refund_not_showing_up, request_refund, reverted_card_payment?, supported_cards_and_currencies, terminate_account, top_up_by_bank_transfer_charge, top_up_by_card_charge, top_up_by_cash_or_cheque, top_up_failed, top_up_limits, top_up_reverted, topping_up_by_card, transaction_charged_twice, transfer_fee_charged, transfer_into_account, transfer_not_received_by_recipient, transfer_timing, unable_to_verify_identity, verify_my_identity, verify_source_of_funds, verify_top_up, virtual_card_not_working, visa_or_mastercard, why_verify_identity, wrong_amount_of_cash_received, wrong_exchange_rate_for_cash_withdrawal
dataset: banking77 --> 4 models
dataset: banking77	model: philschmid/BERT-Banking77	downloads: 3270	likes: 0	task: text-classification
dataset: banking77	model: mrm8488/distilroberta-finetuned-banking77	downloads: 198	likes: 2	task: text-classification
dataset: banking77	model: philschmid/DistilBERT-Banking77	downloads: 56	likes: 0	task: text-classification
dataset: banking77	model: philschmid/RoBERTa-Banking77	downloads: 44	likes: 0	task: text-classification
# found: 11559 matches; truncating to 10
task: None --> 10 models
task: None	model: SpanBERT/spanbert-large-cased	downloads: 966100	likes: 1	task: None
task: None	model: microsoft/layoutlmv2-base-uncased	downloads: 661877	likes: 12	task: None
task: None	model: microsoft/layoutlm-base-uncased	downloads: 566673	likes: 7	task: None
task: None	model: microsoft/deberta-base	downloads: 505183	likes: 5	task: None
task: None	model: facebook/dpr-ctx_encoder-single-nq-base	downloads: 294553	likes: 2	task: None
task: None	model: dmis-lab/biobert-base-cased-v1.1	downloads: 253650	likes: 7	task: None
task: None	model: distilbert-base-cased	downloads: 241127	likes: 6	task: None
task: None	model: hfl/chinese-electra-180g-base-discriminator	downloads: 200050	likes: 5	task: None
task: None	model: google/bigbird-roberta-base	downloads: 199058	likes: 11	task: None
task: None	model: microsoft/deberta-v3-base	downloads: 198937	likes: 11	task: None
