hostname = asimov-168.svail.baidu.com
dataset: cfq	dataset: cfq	downloads: 1581	likes: 0	PWC: https://paperswithcode.com/dataset/cfq
dataset: cfq,mcd1	splits: train: 95743 rows, test: 11968 rows
dataset: cfq,mcd1	split: train	columns: question, query
dataset: cfq,mcd2	splits: train: 95743 rows, test: 11968 rows
dataset: cfq,mcd2	split: train	columns: question, query
dataset: cfq,mcd3	splits: train: 95743 rows, test: 11968 rows
dataset: cfq,mcd3	split: train	columns: question, query
dataset: cfq,question_complexity_split	splits: train: 98999 rows, test: 10340 rows
dataset: cfq,question_complexity_split	split: train	columns: question, query
dataset: cfq,question_pattern_split	splits: train: 95654 rows, test: 11909 rows
dataset: cfq,question_pattern_split	split: train	columns: question, query
dataset: cfq,query_complexity_split	splits: train: 100654 rows, test: 9512 rows
dataset: cfq,query_complexity_split	split: train	columns: question, query
dataset: cfq,query_pattern_split	splits: train: 94600 rows, test: 12589 rows
dataset: cfq,query_pattern_split	split: train	columns: question, query
dataset: cfq,random_split	splits: train: 95744 rows, test: 11967 rows
dataset: cfq,random_split	split: train	columns: question, query
# dataset: cfq --> 0 models
# found: 12917 matches; truncating to 10
task: None --> 10 models
task: None	model: SpanBERT/spanbert-large-cased	downloads: 843328	likes: 1	task: None
task: None	model: microsoft/layoutlmv2-base-uncased	downloads: 477678	likes: 13	task: None
task: None	model: microsoft/deberta-base	downloads: 439927	likes: 7	task: None
task: None	model: microsoft/layoutlm-base-uncased	downloads: 360700	likes: 7	task: None
task: None	model: microsoft/deberta-v3-large	downloads: 325893	likes: 23	task: None
task: None	model: facebook/dpr-ctx_encoder-single-nq-base	downloads: 276176	likes: 2	task: None
task: None	model: microsoft/deberta-v3-base	downloads: 257854	likes: 11	task: None
task: None	model: allenai/scibert_scivocab_uncased	downloads: 223941	likes: 17	task: None
task: None	model: google/bigbird-roberta-base	downloads: 219355	likes: 11	task: None
task: None	model: distilbert-base-cased	downloads: 205367	likes: 6	task: None
