hostname = asimov-171.svail.baidu.com
dataset: code_search_net	dataset: code_search_net	downloads: 3659	likes: 13	PWC: https://paperswithcode.com/dataset/codesearchnet
dataset: code_search_net,all	splits: train: 1880853 rows, test: 100529 rows, val: 89154 rows
dataset: code_search_net,all	split: train	columns: repository_name, func_path_in_repository, func_name, whole_func_string, language, func_code_string, func_code_tokens, func_documentation_string, func_documentation_tokens, split_name, func_code_url
dataset: code_search_net,java	splits: train: 454451 rows, test: 26909 rows, val: 15328 rows
dataset: code_search_net,java	split: train	columns: repository_name, func_path_in_repository, func_name, whole_func_string, language, func_code_string, func_code_tokens, func_documentation_string, func_documentation_tokens, split_name, func_code_url
dataset: code_search_net,go	splits: train: 317832 rows, test: 14291 rows, val: 14242 rows
dataset: code_search_net,go	split: train	columns: repository_name, func_path_in_repository, func_name, whole_func_string, language, func_code_string, func_code_tokens, func_documentation_string, func_documentation_tokens, split_name, func_code_url
dataset: code_search_net,python	splits: train: 412178 rows, test: 22176 rows, val: 23107 rows
dataset: code_search_net,python	split: train	columns: repository_name, func_path_in_repository, func_name, whole_func_string, language, func_code_string, func_code_tokens, func_documentation_string, func_documentation_tokens, split_name, func_code_url
dataset: code_search_net,javascript	splits: train: 123889 rows, test: 6483 rows, val: 8253 rows
dataset: code_search_net,javascript	split: train	columns: repository_name, func_path_in_repository, func_name, whole_func_string, language, func_code_string, func_code_tokens, func_documentation_string, func_documentation_tokens, split_name, func_code_url
dataset: code_search_net,ruby	splits: train: 48791 rows, test: 2279 rows, val: 2209 rows
dataset: code_search_net,ruby	split: train	columns: repository_name, func_path_in_repository, func_name, whole_func_string, language, func_code_string, func_code_tokens, func_documentation_string, func_documentation_tokens, split_name, func_code_url
dataset: code_search_net,php	splits: train: 523712 rows, test: 28391 rows, val: 26015 rows
dataset: code_search_net,php	split: train	columns: repository_name, func_path_in_repository, func_name, whole_func_string, language, func_code_string, func_code_tokens, func_documentation_string, func_documentation_tokens, split_name, func_code_url
dataset: code_search_net --> 10 models
dataset: code_search_net	model: huggingface/CodeBERTa-small-v1	downloads: 158707	likes: 8	task: fill-mask
dataset: code_search_net	model: Salesforce/codet5-base	downloads: 13833	likes: 17	task: text2text-generation
dataset: code_search_net	model: Salesforce/codet5-small	downloads: 9464	likes: 6	task: text2text-generation
dataset: code_search_net	model: Salesforce/codet5-base-multi-sum	downloads: 3079	likes: 4	task: text2text-generation
dataset: code_search_net	model: flax-sentence-embeddings/st-codesearch-distilroberta-base	downloads: 611	likes: 4	task: sentence-similarity
dataset: code_search_net	model: huggingface/CodeBERTa-language-id	downloads: 556	likes: 5	task: text-classification
dataset: code_search_net	model: dbernsohn/roberta-java	downloads: 179	likes: 1	task: fill-mask
dataset: code_search_net	model: razent/cotext-1-ccg	downloads: 60	likes: 0	task: feature-extraction
dataset: code_search_net	model: dbernsohn/roberta-go	downloads: 37	likes: 0	task: fill-mask
dataset: code_search_net	model: razent/cotext-2-cc	downloads: 30	likes: 0	task: feature-extraction
# found: 12928 matches; truncating to 10
task: None --> 10 models
task: None	model: SpanBERT/spanbert-large-cased	downloads: 843328	likes: 1	task: None
task: None	model: microsoft/layoutlmv2-base-uncased	downloads: 477678	likes: 13	task: None
task: None	model: microsoft/deberta-base	downloads: 439927	likes: 7	task: None
task: None	model: microsoft/layoutlm-base-uncased	downloads: 360700	likes: 7	task: None
task: None	model: microsoft/deberta-v3-large	downloads: 325893	likes: 23	task: None
task: None	model: facebook/dpr-ctx_encoder-single-nq-base	downloads: 276176	likes: 2	task: None
task: None	model: microsoft/deberta-v3-base	downloads: 257854	likes: 11	task: None
task: None	model: allenai/scibert_scivocab_uncased	downloads: 223941	likes: 17	task: None
task: None	model: google/bigbird-roberta-base	downloads: 219355	likes: 11	task: None
task: None	model: distilbert-base-cased	downloads: 205367	likes: 6	task: None
