hostname = asimov-170.svail.baidu.com
dataset: cosmos_qa	dataset: cosmos_qa	downloads: 11961	likes: 2	PWC: https://paperswithcode.com/dataset/cosmosqa
dataset: cosmos_qa	splits: train: 25262 rows, test: 6963 rows, val: 2985 rows
dataset: cosmos_qa	split: train	columns: id, context, question, answer0, answer1, answer2, answer3, label
dataset: cosmos_qa --> 3 models
dataset: cosmos_qa	model: AdapterHub/bert-base-uncased-pf-cosmos_qa	downloads: 24	likes: 0	task: None
dataset: cosmos_qa	model: AdapterHub/roberta-base-pf-cosmos_qa	downloads: 8	likes: 0	task: None
dataset: cosmos_qa	model: mamlong34/t5_small_cosmos_qa	downloads: 7	likes: 0	task: text2text-generation
# found: 12993 matches; truncating to 10
task: None --> 10 models
task: None	model: SpanBERT/spanbert-large-cased	downloads: 790879	likes: 1	task: None
task: None	model: microsoft/layoutlmv2-base-uncased	downloads: 429289	likes: 13	task: None
task: None	model: microsoft/deberta-base	downloads: 392874	likes: 7	task: None
task: None	model: microsoft/deberta-v3-base	downloads: 384163	likes: 11	task: None
task: None	model: microsoft/deberta-v3-large	downloads: 337500	likes: 23	task: None
task: None	model: microsoft/layoutlm-base-uncased	downloads: 314169	likes: 7	task: None
task: None	model: facebook/dpr-ctx_encoder-single-nq-base	downloads: 272541	likes: 2	task: None
task: None	model: allenai/scibert_scivocab_uncased	downloads: 217322	likes: 17	task: None
task: None	model: hfl/chinese-electra-180g-base-discriminator	downloads: 216827	likes: 7	task: None
task: None	model: google/bigbird-roberta-base	downloads: 206951	likes: 11	task: None
