hostname = asimov-136.svail.baidu.com
dataset: emotion	dataset: emotion	downloads: 27381	likes: 18	PWC: https://paperswithcode.com/dataset/emotion
dataset: emotion	splits: train: 16000 rows, test: 2000 rows, val: 2000 rows
dataset: emotion	split: train	columns: text, label
dataset: emotion	labels: sadness, joy, love, anger, fear, surprise
dataset: emotion --> 10 models
dataset: emotion	model: bhadresh-savani/distilbert-base-uncased-emotion	downloads: 921836	likes: 24	task: text-classification
dataset: emotion	model: mrm8488/t5-small-finetuned-emotion	downloads: 14086	likes: 0	task: text2text-generation
dataset: emotion	model: bhadresh-savani/roberta-base-emotion	downloads: 10071	likes: 0	task: text-classification
dataset: emotion	model: mrm8488/t5-base-finetuned-emotion	downloads: 5437	likes: 4	task: text2text-generation
dataset: emotion	model: nateraw/bert-base-uncased-emotion	downloads: 5283	likes: 3	task: text-classification
dataset: emotion	model: bhadresh-savani/bert-base-uncased-emotion	downloads: 1375	likes: 1	task: text-classification
dataset: emotion	model: transformersbook/distilbert-base-uncased-finetuned-emotion	downloads: 314	likes: 0	task: text-classification
dataset: emotion	model: bhadresh-savani/albert-base-v2-emotion	downloads: 271	likes: 0	task: text-classification
dataset: emotion	model: AdapterHub/bert-base-uncased-pf-emotion	downloads: 235	likes: 0	task: text-classification
dataset: emotion	model: xysmalobia/distilbert-base-uncased-finetuned-emotion	downloads: 186	likes: 0	task: text-classification
# found: 12917 matches; truncating to 10
task: None --> 10 models
task: None	model: SpanBERT/spanbert-large-cased	downloads: 843328	likes: 1	task: None
task: None	model: microsoft/layoutlmv2-base-uncased	downloads: 477678	likes: 13	task: None
task: None	model: microsoft/deberta-base	downloads: 439927	likes: 7	task: None
task: None	model: microsoft/layoutlm-base-uncased	downloads: 360700	likes: 7	task: None
task: None	model: microsoft/deberta-v3-large	downloads: 325893	likes: 23	task: None
task: None	model: facebook/dpr-ctx_encoder-single-nq-base	downloads: 276176	likes: 2	task: None
task: None	model: microsoft/deberta-v3-base	downloads: 257854	likes: 11	task: None
task: None	model: allenai/scibert_scivocab_uncased	downloads: 223941	likes: 17	task: None
task: None	model: google/bigbird-roberta-base	downloads: 219355	likes: 11	task: None
task: None	model: distilbert-base-cased	downloads: 205367	likes: 6	task: None
