hostname = asimov-145.svail.baidu.com
dataset: imdb	dataset: imdb	downloads: 91341	likes: 10	PWC: https://paperswithcode.com/dataset/imdb-movie-reviews
dataset: imdb,plain_text	splits: train: 25000 rows, test: 25000 rows, unsupervised: 50000 rows
dataset: imdb,plain_text	split: train	columns: text, label
dataset: imdb,plain_text	labels: neg, pos
dataset: imdb --> 10 models
dataset: imdb	model: mrm8488/t5-small-finetuned-imdb-sentiment	downloads: 13227	likes: 0	task: text2text-generation
dataset: imdb	model: lvwerra/distilbert-imdb	downloads: 2072	likes: 0	task: text-classification
dataset: imdb	model: mrm8488/t5-base-finetuned-imdb-sentiment	downloads: 524	likes: 0	task: text2text-generation
dataset: imdb	model: AdapterHub/bert-base-uncased-pf-imdb	downloads: 466	likes: 0	task: text-classification
dataset: imdb	model: lannelin/bert-imdb-1hidden	downloads: 451	likes: 0	task: text-classification
dataset: imdb	model: aychang/roberta-base-imdb	downloads: 348	likes: 1	task: text-classification
dataset: imdb	model: huggingface-course/distilbert-base-uncased-finetuned-imdb	downloads: 297	likes: 0	task: fill-mask
dataset: imdb	model: kurianbenoy/distilbert-base-uncased-finetuned-sst-2-english-finetuned-imdb	downloads: 213	likes: 0	task: text-classification
dataset: imdb	model: thatdramebaazguy/movie-roberta-base	downloads: 146	likes: 0	task: fill-mask
dataset: imdb	model: ykacer/bert-base-cased-imdb-sequence-classification	downloads: 128	likes: 0	task: text-classification
# found: 13024 matches; truncating to 10
task: None --> 10 models
task: None	model: SpanBERT/spanbert-large-cased	downloads: 790879	likes: 1	task: None
task: None	model: microsoft/layoutlmv2-base-uncased	downloads: 429289	likes: 13	task: None
task: None	model: microsoft/deberta-base	downloads: 392874	likes: 7	task: None
task: None	model: microsoft/deberta-v3-base	downloads: 384163	likes: 11	task: None
task: None	model: microsoft/deberta-v3-large	downloads: 337500	likes: 23	task: None
task: None	model: microsoft/layoutlm-base-uncased	downloads: 314169	likes: 7	task: None
task: None	model: facebook/dpr-ctx_encoder-single-nq-base	downloads: 272541	likes: 2	task: None
task: None	model: allenai/scibert_scivocab_uncased	downloads: 217322	likes: 17	task: None
task: None	model: hfl/chinese-electra-180g-base-discriminator	downloads: 216827	likes: 7	task: None
task: None	model: google/bigbird-roberta-base	downloads: 206951	likes: 11	task: None
