hostname = asimov-129.svail.baidu.com
dataset: klue	dataset: klue	downloads: 10583	likes: 4	PWC: https://paperswithcode.com/dataset/klue
dataset: klue,ynat	splits: train: 45678 rows, val: 9107 rows
dataset: klue,ynat	split: train	columns: guid, title, label, url, date
dataset: klue,ynat	labels: IT과학, 경제, 사회, 생활문화, 세계, 스포츠, 정치
dataset: klue,sts	splits: train: 11668 rows, val: 519 rows
dataset: klue,sts	split: train	columns: guid, source, sentence1, sentence2, labels
dataset: klue,nli	splits: train: 24998 rows, val: 3000 rows
dataset: klue,nli	split: train	columns: guid, source, premise, hypothesis, label
dataset: klue,nli	labels: entailment, neutral, contradiction
dataset: klue,ner	splits: train: 21008 rows, val: 5000 rows
dataset: klue,ner	split: train	columns: sentence, tokens, ner_tags
dataset: klue,re	splits: train: 32470 rows, val: 7765 rows
dataset: klue,re	split: train	columns: guid, sentence, subject_entity, object_entity, label, source
dataset: klue,re	labels: no_relation, org:dissolved, org:founded, org:place_of_headquarters, org:alternate_names, org:member_of, org:members, org:political/religious_affiliation, org:product, org:founded_by, org:top_members/employees, org:number_of_employees/members, per:date_of_birth, per:date_of_death, per:place_of_birth, per:place_of_death, per:place_of_residence, per:origin, per:employee_of, per:schools_attended, per:alternate_names, per:parents, per:children, per:siblings, per:spouse, per:other_family, per:colleagues, per:product, per:religion, per:title
dataset: klue,dp	splits: train: 10000 rows, val: 2000 rows
dataset: klue,dp	split: train	columns: sentence, index, word_form, lemma, pos, head, deprel
dataset: klue,mrc	splits: train: 17554 rows, val: 5841 rows
dataset: klue,mrc	split: train	columns: title, context, news_category, source, guid, is_impossible, question_type, question, answers
dataset: klue,wos	splits: train: 8000 rows, val: 1000 rows
dataset: klue,wos	split: train	columns: guid, domains, dialogue
***ERROR***
model: None
data: H:klue
eqn: None
splits: train
split: train
task: None
error: (<class 'requests.exceptions.HTTPError'>, HTTPError('405 Client Error: Not Allowed for url: https://huggingface.co/api/models-tags-by-type'), <traceback object at 0x7fa11e0d8940>)
