dataset: oscar	dataset: oscar	downloads: 20083	likes: 22	PWC: https://paperswithcode.com/dataset/oscar
dataset: oscar,unshuffled_deduplicated_af	splits: train: 130640 rows
dataset: oscar,unshuffled_deduplicated_af	split: train	columns: id, text
dataset: oscar,unshuffled_deduplicated_als	splits: train: 4518 rows
dataset: oscar,unshuffled_deduplicated_als	split: train	columns: id, text
dataset: oscar,unshuffled_deduplicated_am	splits: train: 43102 rows
dataset: oscar,unshuffled_deduplicated_am	split: train	columns: id, text
dataset: oscar,unshuffled_deduplicated_an	splits: train: 2025 rows
dataset: oscar,unshuffled_deduplicated_an	split: train	columns: id, text
dataset: oscar,unshuffled_deduplicated_ar	splits: train: 9006977 rows
dataset: oscar,unshuffled_deduplicated_ar	split: train	columns: id, text
dataset: oscar,unshuffled_deduplicated_arz	splits: train: 79928 rows
dataset: oscar,unshuffled_deduplicated_arz	split: train	columns: id, text
dataset: oscar,unshuffled_deduplicated_as	splits: train: 9212 rows
dataset: oscar,unshuffled_deduplicated_as	split: train	columns: id, text
dataset: oscar,unshuffled_deduplicated_ast	splits: train: 5343 rows
dataset: oscar,unshuffled_deduplicated_ast	split: train	columns: id, text
dataset: oscar,unshuffled_deduplicated_av	splits: train: 360 rows
dataset: oscar,unshuffled_deduplicated_av	split: train	columns: id, text
dataset: oscar,unshuffled_deduplicated_az	splits: train: 626796 rows
dataset: oscar,unshuffled_deduplicated_az	split: train	columns: id, text
dataset: oscar,unshuffled_deduplicated_azb	splits: train: 9985 rows
dataset: oscar,unshuffled_deduplicated_azb	split: train	columns: id, text
dataset: oscar,unshuffled_deduplicated_ba	splits: train: 27050 rows
dataset: oscar,unshuffled_deduplicated_ba	split: train	columns: id, text
dataset: oscar,unshuffled_deduplicated_bar	splits: train: 4 rows
dataset: oscar,unshuffled_deduplicated_bar	split: train	columns: id, text
dataset: oscar,unshuffled_deduplicated_bcl	splits: train: 1 rows
dataset: oscar,unshuffled_deduplicated_bcl	split: train	columns: id, text
dataset: oscar,unshuffled_deduplicated_be	splits: train: 307405 rows
dataset: oscar,unshuffled_deduplicated_be	split: train	columns: id, text
dataset: oscar,unshuffled_deduplicated_bg	splits: train: 3398679 rows
dataset: oscar,unshuffled_deduplicated_bg	split: train	columns: id, text
dataset: oscar,unshuffled_deduplicated_bh	splits: train: 82 rows
dataset: oscar,unshuffled_deduplicated_bh	split: train	columns: id, text
dataset: oscar,unshuffled_deduplicated_bn	splits: train: 1114481 rows
dataset: oscar,unshuffled_deduplicated_bn	split: train	columns: id, text
dataset: oscar,unshuffled_deduplicated_bo	splits: train: 15762 rows
dataset: oscar,unshuffled_deduplicated_bo	split: train	columns: id, text
dataset: oscar,unshuffled_deduplicated_bpy	splits: train: 1770 rows
dataset: oscar,unshuffled_deduplicated_bpy	split: train	columns: id, text
dataset: oscar,unshuffled_deduplicated_br	splits: train: 14724 rows
dataset: oscar,unshuffled_deduplicated_br	split: train	columns: id, text
dataset: oscar,unshuffled_deduplicated_bs	splits: train: 702 rows
dataset: oscar,unshuffled_deduplicated_bs	split: train	columns: id, text
dataset: oscar,unshuffled_deduplicated_bxr	splits: train: 36 rows
dataset: oscar,unshuffled_deduplicated_bxr	split: train	columns: id, text
dataset: oscar,unshuffled_deduplicated_ca	splits: train: 2458067 rows
dataset: oscar,unshuffled_deduplicated_ca	split: train	columns: id, text
dataset: oscar,unshuffled_deduplicated_cbk	splits: train: 1 rows
dataset: oscar,unshuffled_deduplicated_cbk	split: train	columns: id, text
dataset: oscar,unshuffled_deduplicated_ce	splits: train: 2984 rows
dataset: oscar,unshuffled_deduplicated_ce	split: train	columns: id, text
dataset: oscar,unshuffled_deduplicated_ceb	splits: train: 26145 rows
dataset: oscar,unshuffled_deduplicated_ceb	split: train	columns: id, text
dataset: oscar,unshuffled_deduplicated_ckb	splits: train: 68210 rows
dataset: oscar,unshuffled_deduplicated_ckb	split: train	columns: id, text
dataset: oscar,unshuffled_deduplicated_cs	splits: train: 12308039 rows
dataset: oscar,unshuffled_deduplicated_cs	split: train	columns: id, text
dataset: oscar,unshuffled_deduplicated_cv	splits: train: 10130 rows
dataset: oscar,unshuffled_deduplicated_cv	split: train	columns: id, text
dataset: oscar,unshuffled_deduplicated_cy	splits: train: 98225 rows
dataset: oscar,unshuffled_deduplicated_cy	split: train	columns: id, text
dataset: oscar,unshuffled_deduplicated_da	splits: train: 4771098 rows
dataset: oscar,unshuffled_deduplicated_da	split: train	columns: id, text
dataset: oscar,unshuffled_deduplicated_de	splits: train: 62398034 rows
dataset: oscar,unshuffled_deduplicated_de	split: train	columns: id, text
dataset: oscar,unshuffled_deduplicated_diq	splits: train: 1 rows
dataset: oscar,unshuffled_deduplicated_diq	split: train	columns: id, text
dataset: oscar,unshuffled_deduplicated_dsb	splits: train: 37 rows
dataset: oscar,unshuffled_deduplicated_dsb	split: train	columns: id, text
dataset: oscar,unshuffled_deduplicated_dv	splits: train: 17024 rows
dataset: oscar,unshuffled_deduplicated_dv	split: train	columns: id, text
dataset: oscar,unshuffled_deduplicated_el	splits: train: 6521169 rows
dataset: oscar,unshuffled_deduplicated_el	split: train	columns: id, text
dataset: oscar,unshuffled_deduplicated_eml	splits: train: 80 rows
dataset: oscar,unshuffled_deduplicated_eml	split: train	columns: id, text
Downloading and preparing dataset oscar/unshuffled_deduplicated_en (download: 462.40 GiB, generated: 1.18 TiB, post-processed: Unknown size, total: 1.63 TiB) to /mnt/home/kwc/.cache/huggingface/datasets/oscar/unshuffled_deduplicated_en/1.0.0/84838bd49d2295f62008383b05620571535451d84545037bb94d6f3501651df2...
Dataset oscar downloaded and prepared to /mnt/home/kwc/.cache/huggingface/datasets/oscar/unshuffled_deduplicated_en/1.0.0/84838bd49d2295f62008383b05620571535451d84545037bb94d6f3501651df2. Subsequent calls will reuse this data.
dataset: oscar,unshuffled_deduplicated_en	splits: train: 304230423 rows
dataset: oscar,unshuffled_deduplicated_en	split: train	columns: id, text
Downloading and preparing dataset oscar/unshuffled_deduplicated_eo (download: 88.56 MiB, generated: 228.50 MiB, post-processed: Unknown size, total: 317.06 MiB) to /mnt/home/kwc/.cache/huggingface/datasets/oscar/unshuffled_deduplicated_eo/1.0.0/84838bd49d2295f62008383b05620571535451d84545037bb94d6f3501651df2...
Dataset oscar downloaded and prepared to /mnt/home/kwc/.cache/huggingface/datasets/oscar/unshuffled_deduplicated_eo/1.0.0/84838bd49d2295f62008383b05620571535451d84545037bb94d6f3501651df2. Subsequent calls will reuse this data.
dataset: oscar,unshuffled_deduplicated_eo	splits: train: 84752 rows
dataset: oscar,unshuffled_deduplicated_eo	split: train	columns: id, text
Downloading and preparing dataset oscar/unshuffled_deduplicated_es (download: 56.31 GiB, generated: 149.40 GiB, post-processed: Unknown size, total: 205.71 GiB) to /mnt/home/kwc/.cache/huggingface/datasets/oscar/unshuffled_deduplicated_es/1.0.0/84838bd49d2295f62008383b05620571535451d84545037bb94d6f3501651df2...
Dataset oscar downloaded and prepared to /mnt/home/kwc/.cache/huggingface/datasets/oscar/unshuffled_deduplicated_es/1.0.0/84838bd49d2295f62008383b05620571535451d84545037bb94d6f3501651df2. Subsequent calls will reuse this data.
dataset: oscar,unshuffled_deduplicated_es	splits: train: 56326016 rows
dataset: oscar,unshuffled_deduplicated_es	split: train	columns: id, text
Downloading and preparing dataset oscar/unshuffled_deduplicated_et (download: 922.00 MiB, generated: 2.27 GiB, post-processed: Unknown size, total: 3.17 GiB) to /mnt/home/kwc/.cache/huggingface/datasets/oscar/unshuffled_deduplicated_et/1.0.0/84838bd49d2295f62008383b05620571535451d84545037bb94d6f3501651df2...
Dataset oscar downloaded and prepared to /mnt/home/kwc/.cache/huggingface/datasets/oscar/unshuffled_deduplicated_et/1.0.0/84838bd49d2295f62008383b05620571535451d84545037bb94d6f3501651df2. Subsequent calls will reuse this data.
dataset: oscar,unshuffled_deduplicated_et	splits: train: 1172041 rows
dataset: oscar,unshuffled_deduplicated_et	split: train	columns: id, text
Downloading and preparing dataset oscar/unshuffled_deduplicated_eu (download: 128.44 MiB, generated: 343.97 MiB, post-processed: Unknown size, total: 472.41 MiB) to /mnt/home/kwc/.cache/huggingface/datasets/oscar/unshuffled_deduplicated_eu/1.0.0/84838bd49d2295f62008383b05620571535451d84545037bb94d6f3501651df2...
Dataset oscar downloaded and prepared to /mnt/home/kwc/.cache/huggingface/datasets/oscar/unshuffled_deduplicated_eu/1.0.0/84838bd49d2295f62008383b05620571535451d84545037bb94d6f3501651df2. Subsequent calls will reuse this data.
dataset: oscar,unshuffled_deduplicated_eu	splits: train: 256513 rows
dataset: oscar,unshuffled_deduplicated_eu	split: train	columns: id, text
Downloading and preparing dataset oscar/unshuffled_deduplicated_fa (download: 9.74 GiB, generated: 37.24 GiB, post-processed: Unknown size, total: 46.98 GiB) to /mnt/home/kwc/.cache/huggingface/datasets/oscar/unshuffled_deduplicated_fa/1.0.0/84838bd49d2295f62008383b05620571535451d84545037bb94d6f3501651df2...
Dataset oscar downloaded and prepared to /mnt/home/kwc/.cache/huggingface/datasets/oscar/unshuffled_deduplicated_fa/1.0.0/84838bd49d2295f62008383b05620571535451d84545037bb94d6f3501651df2. Subsequent calls will reuse this data.
dataset: oscar,unshuffled_deduplicated_fa	splits: train: 8203495 rows
dataset: oscar,unshuffled_deduplicated_fa	split: train	columns: id, text
Downloading and preparing dataset oscar/unshuffled_deduplicated_fi (download: 5.01 GiB, generated: 12.99 GiB, post-processed: Unknown size, total: 18.00 GiB) to /mnt/home/kwc/.cache/huggingface/datasets/oscar/unshuffled_deduplicated_fi/1.0.0/84838bd49d2295f62008383b05620571535451d84545037bb94d6f3501651df2...
Dataset oscar downloaded and prepared to /mnt/home/kwc/.cache/huggingface/datasets/oscar/unshuffled_deduplicated_fi/1.0.0/84838bd49d2295f62008383b05620571535451d84545037bb94d6f3501651df2. Subsequent calls will reuse this data.
dataset: oscar,unshuffled_deduplicated_fi	splits: train: 5326443 rows
dataset: oscar,unshuffled_deduplicated_fi	split: train	columns: id, text
Downloading and preparing dataset oscar/unshuffled_deduplicated_fr (download: 51.65 GiB, generated: 137.63 GiB, post-processed: Unknown size, total: 189.28 GiB) to /mnt/home/kwc/.cache/huggingface/datasets/oscar/unshuffled_deduplicated_fr/1.0.0/84838bd49d2295f62008383b05620571535451d84545037bb94d6f3501651df2...
Dataset oscar downloaded and prepared to /mnt/home/kwc/.cache/huggingface/datasets/oscar/unshuffled_deduplicated_fr/1.0.0/84838bd49d2295f62008383b05620571535451d84545037bb94d6f3501651df2. Subsequent calls will reuse this data.
dataset: oscar,unshuffled_deduplicated_fr	splits: train: 59448891 rows
dataset: oscar,unshuffled_deduplicated_fr	split: train	columns: id, text
Downloading and preparing dataset oscar/unshuffled_deduplicated_frr (download: 540 bytes, generated: 4.39 KiB, post-processed: Unknown size, total: 4.92 KiB) to /mnt/home/kwc/.cache/huggingface/datasets/oscar/unshuffled_deduplicated_frr/1.0.0/84838bd49d2295f62008383b05620571535451d84545037bb94d6f3501651df2...
Dataset oscar downloaded and prepared to /mnt/home/kwc/.cache/huggingface/datasets/oscar/unshuffled_deduplicated_frr/1.0.0/84838bd49d2295f62008383b05620571535451d84545037bb94d6f3501651df2. Subsequent calls will reuse this data.
dataset: oscar,unshuffled_deduplicated_frr	splits: train: 7 rows
dataset: oscar,unshuffled_deduplicated_frr	split: train	columns: id, text
Downloading and preparing dataset oscar/unshuffled_deduplicated_fy (download: 9.79 MiB, generated: 25.33 MiB, post-processed: Unknown size, total: 35.13 MiB) to /mnt/home/kwc/.cache/huggingface/datasets/oscar/unshuffled_deduplicated_fy/1.0.0/84838bd49d2295f62008383b05620571535451d84545037bb94d6f3501651df2...
Dataset oscar downloaded and prepared to /mnt/home/kwc/.cache/huggingface/datasets/oscar/unshuffled_deduplicated_fy/1.0.0/84838bd49d2295f62008383b05620571535451d84545037bb94d6f3501651df2. Subsequent calls will reuse this data.
dataset: oscar,unshuffled_deduplicated_fy	splits: train: 20661 rows
dataset: oscar,unshuffled_deduplicated_fy	split: train	columns: id, text
Downloading and preparing dataset oscar/unshuffled_deduplicated_ga (download: 21.19 MiB, generated: 60.43 MiB, post-processed: Unknown size, total: 81.62 MiB) to /mnt/home/kwc/.cache/huggingface/datasets/oscar/unshuffled_deduplicated_ga/1.0.0/84838bd49d2295f62008383b05620571535451d84545037bb94d6f3501651df2...
Dataset oscar downloaded and prepared to /mnt/home/kwc/.cache/huggingface/datasets/oscar/unshuffled_deduplicated_ga/1.0.0/84838bd49d2295f62008383b05620571535451d84545037bb94d6f3501651df2. Subsequent calls will reuse this data.
dataset: oscar,unshuffled_deduplicated_ga	splits: train: 46493 rows
dataset: oscar,unshuffled_deduplicated_ga	split: train	columns: id, text
Downloading and preparing dataset oscar/unshuffled_deduplicated_gd (download: 410.74 KiB, generated: 1.28 MiB, post-processed: Unknown size, total: 1.68 MiB) to /mnt/home/kwc/.cache/huggingface/datasets/oscar/unshuffled_deduplicated_gd/1.0.0/84838bd49d2295f62008383b05620571535451d84545037bb94d6f3501651df2...
Dataset oscar downloaded and prepared to /mnt/home/kwc/.cache/huggingface/datasets/oscar/unshuffled_deduplicated_gd/1.0.0/84838bd49d2295f62008383b05620571535451d84545037bb94d6f3501651df2. Subsequent calls will reuse this data.
dataset: oscar,unshuffled_deduplicated_gd	splits: train: 3883 rows
dataset: oscar,unshuffled_deduplicated_gd	split: train	columns: id, text
Downloading and preparing dataset oscar/unshuffled_deduplicated_gl (download: 148.63 MiB, generated: 386.16 MiB, post-processed: Unknown size, total: 534.80 MiB) to /mnt/home/kwc/.cache/huggingface/datasets/oscar/unshuffled_deduplicated_gl/1.0.0/84838bd49d2295f62008383b05620571535451d84545037bb94d6f3501651df2...
Dataset oscar downloaded and prepared to /mnt/home/kwc/.cache/huggingface/datasets/oscar/unshuffled_deduplicated_gl/1.0.0/84838bd49d2295f62008383b05620571535451d84545037bb94d6f3501651df2. Subsequent calls will reuse this data.
dataset: oscar,unshuffled_deduplicated_gl	splits: train: 284320 rows
dataset: oscar,unshuffled_deduplicated_gl	split: train	columns: id, text
Downloading and preparing dataset oscar/unshuffled_deduplicated_gn (download: 9.34 KiB, generated: 23.97 KiB, post-processed: Unknown size, total: 33.31 KiB) to /mnt/home/kwc/.cache/huggingface/datasets/oscar/unshuffled_deduplicated_gn/1.0.0/84838bd49d2295f62008383b05620571535451d84545037bb94d6f3501651df2...
Dataset oscar downloaded and prepared to /mnt/home/kwc/.cache/huggingface/datasets/oscar/unshuffled_deduplicated_gn/1.0.0/84838bd49d2295f62008383b05620571535451d84545037bb94d6f3501651df2. Subsequent calls will reuse this data.
dataset: oscar,unshuffled_deduplicated_gn	splits: train: 68 rows
dataset: oscar,unshuffled_deduplicated_gn	split: train	columns: id, text
Downloading and preparing dataset oscar/unshuffled_deduplicated_gom (download: 368.21 KiB, generated: 1.78 MiB, post-processed: Unknown size, total: 2.14 MiB) to /mnt/home/kwc/.cache/huggingface/datasets/oscar/unshuffled_deduplicated_gom/1.0.0/84838bd49d2295f62008383b05620571535451d84545037bb94d6f3501651df2...
Dataset oscar downloaded and prepared to /mnt/home/kwc/.cache/huggingface/datasets/oscar/unshuffled_deduplicated_gom/1.0.0/84838bd49d2295f62008383b05620571535451d84545037bb94d6f3501651df2. Subsequent calls will reuse this data.
dataset: oscar,unshuffled_deduplicated_gom	splits: train: 484 rows
dataset: oscar,unshuffled_deduplicated_gom	split: train	columns: id, text
Downloading and preparing dataset oscar/unshuffled_deduplicated_gu (download: 155.42 MiB, generated: 723.19 MiB, post-processed: Unknown size, total: 878.61 MiB) to /mnt/home/kwc/.cache/huggingface/datasets/oscar/unshuffled_deduplicated_gu/1.0.0/84838bd49d2295f62008383b05620571535451d84545037bb94d6f3501651df2...
Dataset oscar downloaded and prepared to /mnt/home/kwc/.cache/huggingface/datasets/oscar/unshuffled_deduplicated_gu/1.0.0/84838bd49d2295f62008383b05620571535451d84545037bb94d6f3501651df2. Subsequent calls will reuse this data.
dataset: oscar,unshuffled_deduplicated_gu	splits: train: 169834 rows
dataset: oscar,unshuffled_deduplicated_gu	split: train	columns: id, text
Downloading and preparing dataset oscar/unshuffled_deduplicated_he (download: 2.83 GiB, generated: 9.73 GiB, post-processed: Unknown size, total: 12.57 GiB) to /mnt/home/kwc/.cache/huggingface/datasets/oscar/unshuffled_deduplicated_he/1.0.0/84838bd49d2295f62008383b05620571535451d84545037bb94d6f3501651df2...
Dataset oscar downloaded and prepared to /mnt/home/kwc/.cache/huggingface/datasets/oscar/unshuffled_deduplicated_he/1.0.0/84838bd49d2295f62008383b05620571535451d84545037bb94d6f3501651df2. Subsequent calls will reuse this data.
dataset: oscar,unshuffled_deduplicated_he	splits: train: 2375030 rows
dataset: oscar,unshuffled_deduplicated_he	split: train	columns: id, text
Downloading and preparing dataset oscar/unshuffled_deduplicated_hi (download: 1.87 GiB, generated: 8.89 GiB, post-processed: Unknown size, total: 10.76 GiB) to /mnt/home/kwc/.cache/huggingface/datasets/oscar/unshuffled_deduplicated_hi/1.0.0/84838bd49d2295f62008383b05620571535451d84545037bb94d6f3501651df2...
Dataset oscar downloaded and prepared to /mnt/home/kwc/.cache/huggingface/datasets/oscar/unshuffled_deduplicated_hi/1.0.0/84838bd49d2295f62008383b05620571535451d84545037bb94d6f3501651df2. Subsequent calls will reuse this data.
dataset: oscar,unshuffled_deduplicated_hi	splits: train: 1909387 rows
dataset: oscar,unshuffled_deduplicated_hi	split: train	columns: id, text
Downloading and preparing dataset oscar/unshuffled_deduplicated_hr (download: 44.57 MiB, generated: 112.58 MiB, post-processed: Unknown size, total: 157.15 MiB) to /mnt/home/kwc/.cache/huggingface/datasets/oscar/unshuffled_deduplicated_hr/1.0.0/84838bd49d2295f62008383b05620571535451d84545037bb94d6f3501651df2...
Dataset oscar downloaded and prepared to /mnt/home/kwc/.cache/huggingface/datasets/oscar/unshuffled_deduplicated_hr/1.0.0/84838bd49d2295f62008383b05620571535451d84545037bb94d6f3501651df2. Subsequent calls will reuse this data.
dataset: oscar,unshuffled_deduplicated_hr	splits: train: 321484 rows
dataset: oscar,unshuffled_deduplicated_hr	split: train	columns: id, text
Downloading and preparing dataset oscar/unshuffled_deduplicated_hsb (download: 711.09 KiB, generated: 1.74 MiB, post-processed: Unknown size, total: 2.43 MiB) to /mnt/home/kwc/.cache/huggingface/datasets/oscar/unshuffled_deduplicated_hsb/1.0.0/84838bd49d2295f62008383b05620571535451d84545037bb94d6f3501651df2...
Dataset oscar downloaded and prepared to /mnt/home/kwc/.cache/huggingface/datasets/oscar/unshuffled_deduplicated_hsb/1.0.0/84838bd49d2295f62008383b05620571535451d84545037bb94d6f3501651df2. Subsequent calls will reuse this data.
dataset: oscar,unshuffled_deduplicated_hsb	splits: train: 3084 rows
dataset: oscar,unshuffled_deduplicated_hsb	split: train	columns: id, text
Downloading and preparing dataset oscar/unshuffled_deduplicated_ht (download: 594 bytes, generated: 3.36 KiB, post-processed: Unknown size, total: 3.94 KiB) to /mnt/home/kwc/.cache/huggingface/datasets/oscar/unshuffled_deduplicated_ht/1.0.0/84838bd49d2295f62008383b05620571535451d84545037bb94d6f3501651df2...
Dataset oscar downloaded and prepared to /mnt/home/kwc/.cache/huggingface/datasets/oscar/unshuffled_deduplicated_ht/1.0.0/84838bd49d2295f62008383b05620571535451d84545037bb94d6f3501651df2. Subsequent calls will reuse this data.
dataset: oscar,unshuffled_deduplicated_ht	splits: train: 9 rows
dataset: oscar,unshuffled_deduplicated_ht	split: train	columns: id, text
Downloading and preparing dataset oscar/unshuffled_deduplicated_hu (download: 6.86 GiB, generated: 17.72 GiB, post-processed: Unknown size, total: 24.58 GiB) to /mnt/home/kwc/.cache/huggingface/datasets/oscar/unshuffled_deduplicated_hu/1.0.0/84838bd49d2295f62008383b05620571535451d84545037bb94d6f3501651df2...
Dataset oscar downloaded and prepared to /mnt/home/kwc/.cache/huggingface/datasets/oscar/unshuffled_deduplicated_hu/1.0.0/84838bd49d2295f62008383b05620571535451d84545037bb94d6f3501651df2. Subsequent calls will reuse this data.
dataset: oscar,unshuffled_deduplicated_hu	splits: train: 6582908 rows
dataset: oscar,unshuffled_deduplicated_hu	split: train	columns: id, text
Downloading and preparing dataset oscar/unshuffled_deduplicated_hy (download: 375.39 MiB, generated: 1.45 GiB, post-processed: Unknown size, total: 1.82 GiB) to /mnt/home/kwc/.cache/huggingface/datasets/oscar/unshuffled_deduplicated_hy/1.0.0/84838bd49d2295f62008383b05620571535451d84545037bb94d6f3501651df2...
Dataset oscar downloaded and prepared to /mnt/home/kwc/.cache/huggingface/datasets/oscar/unshuffled_deduplicated_hy/1.0.0/84838bd49d2295f62008383b05620571535451d84545037bb94d6f3501651df2. Subsequent calls will reuse this data.
dataset: oscar,unshuffled_deduplicated_hy	splits: train: 396093 rows
dataset: oscar,unshuffled_deduplicated_hy	split: train	columns: id, text
Downloading and preparing dataset oscar/unshuffled_deduplicated_ia (download: 51.49 KiB, generated: 364.95 KiB, post-processed: Unknown size, total: 416.44 KiB) to /mnt/home/kwc/.cache/huggingface/datasets/oscar/unshuffled_deduplicated_ia/1.0.0/84838bd49d2295f62008383b05620571535451d84545037bb94d6f3501651df2...
Dataset oscar downloaded and prepared to /mnt/home/kwc/.cache/huggingface/datasets/oscar/unshuffled_deduplicated_ia/1.0.0/84838bd49d2295f62008383b05620571535451d84545037bb94d6f3501651df2. Subsequent calls will reuse this data.
dataset: oscar,unshuffled_deduplicated_ia	splits: train: 529 rows
dataset: oscar,unshuffled_deduplicated_ia	split: train	columns: id, text
Downloading and preparing dataset oscar/unshuffled_deduplicated_id (download: 5.58 GiB, generated: 15.80 GiB, post-processed: Unknown size, total: 21.38 GiB) to /mnt/home/kwc/.cache/huggingface/datasets/oscar/unshuffled_deduplicated_id/1.0.0/84838bd49d2295f62008383b05620571535451d84545037bb94d6f3501651df2...
Dataset oscar downloaded and prepared to /mnt/home/kwc/.cache/huggingface/datasets/oscar/unshuffled_deduplicated_id/1.0.0/84838bd49d2295f62008383b05620571535451d84545037bb94d6f3501651df2. Subsequent calls will reuse this data.
dataset: oscar,unshuffled_deduplicated_id	splits: train: 9948521 rows
dataset: oscar,unshuffled_deduplicated_id	split: train	columns: id, text
Downloading and preparing dataset oscar/unshuffled_deduplicated_ie (download: 649 bytes, generated: 1.65 KiB, post-processed: Unknown size, total: 2.28 KiB) to /mnt/home/kwc/.cache/huggingface/datasets/oscar/unshuffled_deduplicated_ie/1.0.0/84838bd49d2295f62008383b05620571535451d84545037bb94d6f3501651df2...
Dataset oscar downloaded and prepared to /mnt/home/kwc/.cache/huggingface/datasets/oscar/unshuffled_deduplicated_ie/1.0.0/84838bd49d2295f62008383b05620571535451d84545037bb94d6f3501651df2. Subsequent calls will reuse this data.
dataset: oscar,unshuffled_deduplicated_ie	splits: train: 11 rows
dataset: oscar,unshuffled_deduplicated_ie	split: train	columns: id, text
Downloading and preparing dataset oscar/unshuffled_deduplicated_ilo (download: 224.67 KiB, generated: 652.24 KiB, post-processed: Unknown size, total: 876.92 KiB) to /mnt/home/kwc/.cache/huggingface/datasets/oscar/unshuffled_deduplicated_ilo/1.0.0/84838bd49d2295f62008383b05620571535451d84545037bb94d6f3501651df2...
Dataset oscar downloaded and prepared to /mnt/home/kwc/.cache/huggingface/datasets/oscar/unshuffled_deduplicated_ilo/1.0.0/84838bd49d2295f62008383b05620571535451d84545037bb94d6f3501651df2. Subsequent calls will reuse this data.
dataset: oscar,unshuffled_deduplicated_ilo	splits: train: 1578 rows
dataset: oscar,unshuffled_deduplicated_ilo	split: train	columns: id, text
Downloading and preparing dataset oscar/unshuffled_deduplicated_io (download: 41.81 KiB, generated: 136.22 KiB, post-processed: Unknown size, total: 178.03 KiB) to /mnt/home/kwc/.cache/huggingface/datasets/oscar/unshuffled_deduplicated_io/1.0.0/84838bd49d2295f62008383b05620571535451d84545037bb94d6f3501651df2...
Dataset oscar downloaded and prepared to /mnt/home/kwc/.cache/huggingface/datasets/oscar/unshuffled_deduplicated_io/1.0.0/84838bd49d2295f62008383b05620571535451d84545037bb94d6f3501651df2. Subsequent calls will reuse this data.
dataset: oscar,unshuffled_deduplicated_io	splits: train: 617 rows
dataset: oscar,unshuffled_deduplicated_io	split: train	columns: id, text
Downloading and preparing dataset oscar/unshuffled_deduplicated_is (download: 317.45 MiB, generated: 849.77 MiB, post-processed: Unknown size, total: 1.14 GiB) to /mnt/home/kwc/.cache/huggingface/datasets/oscar/unshuffled_deduplicated_is/1.0.0/84838bd49d2295f62008383b05620571535451d84545037bb94d6f3501651df2...
Dataset oscar downloaded and prepared to /mnt/home/kwc/.cache/huggingface/datasets/oscar/unshuffled_deduplicated_is/1.0.0/84838bd49d2295f62008383b05620571535451d84545037bb94d6f3501651df2. Subsequent calls will reuse this data.
dataset: oscar,unshuffled_deduplicated_is	splits: train: 389515 rows
dataset: oscar,unshuffled_deduplicated_is	split: train	columns: id, text
Downloading and preparing dataset oscar/unshuffled_deduplicated_it (download: 26.01 GiB, generated: 68.77 GiB, post-processed: Unknown size, total: 94.79 GiB) to /mnt/home/kwc/.cache/huggingface/datasets/oscar/unshuffled_deduplicated_it/1.0.0/84838bd49d2295f62008383b05620571535451d84545037bb94d6f3501651df2...
Dataset oscar downloaded and prepared to /mnt/home/kwc/.cache/huggingface/datasets/oscar/unshuffled_deduplicated_it/1.0.0/84838bd49d2295f62008383b05620571535451d84545037bb94d6f3501651df2. Subsequent calls will reuse this data.
dataset: oscar,unshuffled_deduplicated_it	splits: train: 28522082 rows
dataset: oscar,unshuffled_deduplicated_it	split: train	columns: id, text
Downloading and preparing dataset oscar/unshuffled_deduplicated_ja (download: 38.00 GiB, generated: 105.53 GiB, post-processed: Unknown size, total: 143.53 GiB) to /mnt/home/kwc/.cache/huggingface/datasets/oscar/unshuffled_deduplicated_ja/1.0.0/84838bd49d2295f62008383b05620571535451d84545037bb94d6f3501651df2...
Dataset oscar downloaded and prepared to /mnt/home/kwc/.cache/huggingface/datasets/oscar/unshuffled_deduplicated_ja/1.0.0/84838bd49d2295f62008383b05620571535451d84545037bb94d6f3501651df2. Subsequent calls will reuse this data.
dataset: oscar,unshuffled_deduplicated_ja	splits: train: 39496439 rows
dataset: oscar,unshuffled_deduplicated_ja	split: train	columns: id, text
Downloading and preparing dataset oscar/unshuffled_deduplicated_jbo (download: 198.74 KiB, generated: 684.01 KiB, post-processed: Unknown size, total: 882.75 KiB) to /mnt/home/kwc/.cache/huggingface/datasets/oscar/unshuffled_deduplicated_jbo/1.0.0/84838bd49d2295f62008383b05620571535451d84545037bb94d6f3501651df2...
Dataset oscar downloaded and prepared to /mnt/home/kwc/.cache/huggingface/datasets/oscar/unshuffled_deduplicated_jbo/1.0.0/84838bd49d2295f62008383b05620571535451d84545037bb94d6f3501651df2. Subsequent calls will reuse this data.
dataset: oscar,unshuffled_deduplicated_jbo	splits: train: 617 rows
dataset: oscar,unshuffled_deduplicated_jbo	split: train	columns: id, text
Downloading and preparing dataset oscar/unshuffled_deduplicated_jv (download: 203.29 KiB, generated: 595.42 KiB, post-processed: Unknown size, total: 798.71 KiB) to /mnt/home/kwc/.cache/huggingface/datasets/oscar/unshuffled_deduplicated_jv/1.0.0/84838bd49d2295f62008383b05620571535451d84545037bb94d6f3501651df2...
Dataset oscar downloaded and prepared to /mnt/home/kwc/.cache/huggingface/datasets/oscar/unshuffled_deduplicated_jv/1.0.0/84838bd49d2295f62008383b05620571535451d84545037bb94d6f3501651df2. Subsequent calls will reuse this data.
dataset: oscar,unshuffled_deduplicated_jv	splits: train: 1163 rows
dataset: oscar,unshuffled_deduplicated_jv	split: train	columns: id, text
Downloading and preparing dataset oscar/unshuffled_deduplicated_ka (download: 359.75 MiB, generated: 1.85 GiB, post-processed: Unknown size, total: 2.20 GiB) to /mnt/home/kwc/.cache/huggingface/datasets/oscar/unshuffled_deduplicated_ka/1.0.0/84838bd49d2295f62008383b05620571535451d84545037bb94d6f3501651df2...
Dataset oscar downloaded and prepared to /mnt/home/kwc/.cache/huggingface/datasets/oscar/unshuffled_deduplicated_ka/1.0.0/84838bd49d2295f62008383b05620571535451d84545037bb94d6f3501651df2. Subsequent calls will reuse this data.
dataset: oscar,unshuffled_deduplicated_ka	splits: train: 372158 rows
dataset: oscar,unshuffled_deduplicated_ka	split: train	columns: id, text
Downloading and preparing dataset oscar/unshuffled_deduplicated_kk (download: 371.09 MiB, generated: 1.47 GiB, post-processed: Unknown size, total: 1.84 GiB) to /mnt/home/kwc/.cache/huggingface/datasets/oscar/unshuffled_deduplicated_kk/1.0.0/84838bd49d2295f62008383b05620571535451d84545037bb94d6f3501651df2...
Dataset oscar downloaded and prepared to /mnt/home/kwc/.cache/huggingface/datasets/oscar/unshuffled_deduplicated_kk/1.0.0/84838bd49d2295f62008383b05620571535451d84545037bb94d6f3501651df2. Subsequent calls will reuse this data.
dataset: oscar,unshuffled_deduplicated_kk	splits: train: 338073 rows
dataset: oscar,unshuffled_deduplicated_kk	split: train	columns: id, text
Downloading and preparing dataset oscar/unshuffled_deduplicated_km (download: 109.18 MiB, generated: 581.63 MiB, post-processed: Unknown size, total: 690.81 MiB) to /mnt/home/kwc/.cache/huggingface/datasets/oscar/unshuffled_deduplicated_km/1.0.0/84838bd49d2295f62008383b05620571535451d84545037bb94d6f3501651df2...
Dataset oscar downloaded and prepared to /mnt/home/kwc/.cache/huggingface/datasets/oscar/unshuffled_deduplicated_km/1.0.0/84838bd49d2295f62008383b05620571535451d84545037bb94d6f3501651df2. Subsequent calls will reuse this data.
dataset: oscar,unshuffled_deduplicated_km	splits: train: 108346 rows
dataset: oscar,unshuffled_deduplicated_km	split: train	columns: id, text
Downloading and preparing dataset oscar/unshuffled_deduplicated_kn (download: 205.54 MiB, generated: 1.01 GiB, post-processed: Unknown size, total: 1.21 GiB) to /mnt/home/kwc/.cache/huggingface/datasets/oscar/unshuffled_deduplicated_kn/1.0.0/84838bd49d2295f62008383b05620571535451d84545037bb94d6f3501651df2...
Dataset oscar downloaded and prepared to /mnt/home/kwc/.cache/huggingface/datasets/oscar/unshuffled_deduplicated_kn/1.0.0/84838bd49d2295f62008383b05620571535451d84545037bb94d6f3501651df2. Subsequent calls will reuse this data.
dataset: oscar,unshuffled_deduplicated_kn	splits: train: 251064 rows
dataset: oscar,unshuffled_deduplicated_kn	split: train	columns: id, text
Downloading and preparing dataset oscar/unshuffled_deduplicated_ko (download: 4.16 GiB, generated: 11.13 GiB, post-processed: Unknown size, total: 15.29 GiB) to /mnt/home/kwc/.cache/huggingface/datasets/oscar/unshuffled_deduplicated_ko/1.0.0/84838bd49d2295f62008383b05620571535451d84545037bb94d6f3501651df2...
Dataset oscar downloaded and prepared to /mnt/home/kwc/.cache/huggingface/datasets/oscar/unshuffled_deduplicated_ko/1.0.0/84838bd49d2295f62008383b05620571535451d84545037bb94d6f3501651df2. Subsequent calls will reuse this data.
dataset: oscar,unshuffled_deduplicated_ko	splits: train: 3675420 rows
dataset: oscar,unshuffled_deduplicated_ko	split: train	columns: id, text
Downloading and preparing dataset oscar/unshuffled_deduplicated_krc (download: 601.54 KiB, generated: 2.30 MiB, post-processed: Unknown size, total: 2.89 MiB) to /mnt/home/kwc/.cache/huggingface/datasets/oscar/unshuffled_deduplicated_krc/1.0.0/84838bd49d2295f62008383b05620571535451d84545037bb94d6f3501651df2...
Dataset oscar downloaded and prepared to /mnt/home/kwc/.cache/huggingface/datasets/oscar/unshuffled_deduplicated_krc/1.0.0/84838bd49d2295f62008383b05620571535451d84545037bb94d6f3501651df2. Subsequent calls will reuse this data.
dataset: oscar,unshuffled_deduplicated_krc	splits: train: 1377 rows
dataset: oscar,unshuffled_deduplicated_krc	split: train	columns: id, text
Downloading and preparing dataset oscar/unshuffled_deduplicated_ku (download: 22.26 MiB, generated: 59.94 MiB, post-processed: Unknown size, total: 82.21 MiB) to /mnt/home/kwc/.cache/huggingface/datasets/oscar/unshuffled_deduplicated_ku/1.0.0/84838bd49d2295f62008383b05620571535451d84545037bb94d6f3501651df2...
Dataset oscar downloaded and prepared to /mnt/home/kwc/.cache/huggingface/datasets/oscar/unshuffled_deduplicated_ku/1.0.0/84838bd49d2295f62008383b05620571535451d84545037bb94d6f3501651df2. Subsequent calls will reuse this data.
dataset: oscar,unshuffled_deduplicated_ku	splits: train: 29054 rows
dataset: oscar,unshuffled_deduplicated_ku	split: train	columns: id, text
Downloading and preparing dataset oscar/unshuffled_deduplicated_kv (download: 319.80 KiB, generated: 1.14 MiB, post-processed: Unknown size, total: 1.46 MiB) to /mnt/home/kwc/.cache/huggingface/datasets/oscar/unshuffled_deduplicated_kv/1.0.0/84838bd49d2295f62008383b05620571535451d84545037bb94d6f3501651df2...
Dataset oscar downloaded and prepared to /mnt/home/kwc/.cache/huggingface/datasets/oscar/unshuffled_deduplicated_kv/1.0.0/84838bd49d2295f62008383b05620571535451d84545037bb94d6f3501651df2. Subsequent calls will reuse this data.
dataset: oscar,unshuffled_deduplicated_kv	splits: train: 924 rows
dataset: oscar,unshuffled_deduplicated_kv	split: train	columns: id, text
Downloading and preparing dataset oscar/unshuffled_deduplicated_kw (download: 6.05 KiB, generated: 14.62 KiB, post-processed: Unknown size, total: 20.67 KiB) to /mnt/home/kwc/.cache/huggingface/datasets/oscar/unshuffled_deduplicated_kw/1.0.0/84838bd49d2295f62008383b05620571535451d84545037bb94d6f3501651df2...
Dataset oscar downloaded and prepared to /mnt/home/kwc/.cache/huggingface/datasets/oscar/unshuffled_deduplicated_kw/1.0.0/84838bd49d2295f62008383b05620571535451d84545037bb94d6f3501651df2. Subsequent calls will reuse this data.
dataset: oscar,unshuffled_deduplicated_kw	splits: train: 68 rows
dataset: oscar,unshuffled_deduplicated_kw	split: train	columns: id, text
Downloading and preparing dataset oscar/unshuffled_deduplicated_ky (download: 101.30 MiB, generated: 388.69 MiB, post-processed: Unknown size, total: 489.99 MiB) to /mnt/home/kwc/.cache/huggingface/datasets/oscar/unshuffled_deduplicated_ky/1.0.0/84838bd49d2295f62008383b05620571535451d84545037bb94d6f3501651df2...
Dataset oscar downloaded and prepared to /mnt/home/kwc/.cache/huggingface/datasets/oscar/unshuffled_deduplicated_ky/1.0.0/84838bd49d2295f62008383b05620571535451d84545037bb94d6f3501651df2. Subsequent calls will reuse this data.
dataset: oscar,unshuffled_deduplicated_ky	splits: train: 86561 rows
dataset: oscar,unshuffled_deduplicated_ky	split: train	columns: id, text
Downloading and preparing dataset oscar/unshuffled_deduplicated_la (download: 3.26 MiB, generated: 8.46 MiB, post-processed: Unknown size, total: 11.72 MiB) to /mnt/home/kwc/.cache/huggingface/datasets/oscar/unshuffled_deduplicated_la/1.0.0/84838bd49d2295f62008383b05620571535451d84545037bb94d6f3501651df2...
Dataset oscar downloaded and prepared to /mnt/home/kwc/.cache/huggingface/datasets/oscar/unshuffled_deduplicated_la/1.0.0/84838bd49d2295f62008383b05620571535451d84545037bb94d6f3501651df2. Subsequent calls will reuse this data.
dataset: oscar,unshuffled_deduplicated_la	splits: train: 18808 rows
dataset: oscar,unshuffled_deduplicated_la	split: train	columns: id, text
Downloading and preparing dataset oscar/unshuffled_deduplicated_lb (download: 7.92 MiB, generated: 20.26 MiB, post-processed: Unknown size, total: 28.17 MiB) to /mnt/home/kwc/.cache/huggingface/datasets/oscar/unshuffled_deduplicated_lb/1.0.0/84838bd49d2295f62008383b05620571535451d84545037bb94d6f3501651df2...
Dataset oscar downloaded and prepared to /mnt/home/kwc/.cache/huggingface/datasets/oscar/unshuffled_deduplicated_lb/1.0.0/84838bd49d2295f62008383b05620571535451d84545037bb94d6f3501651df2. Subsequent calls will reuse this data.
dataset: oscar,unshuffled_deduplicated_lb	splits: train: 21735 rows
dataset: oscar,unshuffled_deduplicated_lb	split: train	columns: id, text
Downloading and preparing dataset oscar/unshuffled_deduplicated_lez (download: 746.03 KiB, generated: 2.93 MiB, post-processed: Unknown size, total: 3.66 MiB) to /mnt/home/kwc/.cache/huggingface/datasets/oscar/unshuffled_deduplicated_lez/1.0.0/84838bd49d2295f62008383b05620571535451d84545037bb94d6f3501651df2...
Dataset oscar downloaded and prepared to /mnt/home/kwc/.cache/huggingface/datasets/oscar/unshuffled_deduplicated_lez/1.0.0/84838bd49d2295f62008383b05620571535451d84545037bb94d6f3501651df2. Subsequent calls will reuse this data.
dataset: oscar,unshuffled_deduplicated_lez	splits: train: 1381 rows
dataset: oscar,unshuffled_deduplicated_lez	split: train	columns: id, text
Downloading and preparing dataset oscar/unshuffled_deduplicated_li (download: 11.45 KiB, generated: 27.52 KiB, post-processed: Unknown size, total: 38.96 KiB) to /mnt/home/kwc/.cache/huggingface/datasets/oscar/unshuffled_deduplicated_li/1.0.0/84838bd49d2295f62008383b05620571535451d84545037bb94d6f3501651df2...
Dataset oscar downloaded and prepared to /mnt/home/kwc/.cache/huggingface/datasets/oscar/unshuffled_deduplicated_li/1.0.0/84838bd49d2295f62008383b05620571535451d84545037bb94d6f3501651df2. Subsequent calls will reuse this data.
dataset: oscar,unshuffled_deduplicated_li	splits: train: 118 rows
dataset: oscar,unshuffled_deduplicated_li	split: train	columns: id, text
Downloading and preparing dataset oscar/unshuffled_deduplicated_lmo (download: 103.56 KiB, generated: 447.64 KiB, post-processed: Unknown size, total: 551.21 KiB) to /mnt/home/kwc/.cache/huggingface/datasets/oscar/unshuffled_deduplicated_lmo/1.0.0/84838bd49d2295f62008383b05620571535451d84545037bb94d6f3501651df2...
Dataset oscar downloaded and prepared to /mnt/home/kwc/.cache/huggingface/datasets/oscar/unshuffled_deduplicated_lmo/1.0.0/84838bd49d2295f62008383b05620571535451d84545037bb94d6f3501651df2. Subsequent calls will reuse this data.
dataset: oscar,unshuffled_deduplicated_lmo	splits: train: 1374 rows
dataset: oscar,unshuffled_deduplicated_lmo	split: train	columns: id, text
Downloading and preparing dataset oscar/unshuffled_deduplicated_lo (download: 22.54 MiB, generated: 113.50 MiB, post-processed: Unknown size, total: 136.04 MiB) to /mnt/home/kwc/.cache/huggingface/datasets/oscar/unshuffled_deduplicated_lo/1.0.0/84838bd49d2295f62008383b05620571535451d84545037bb94d6f3501651df2...
Dataset oscar downloaded and prepared to /mnt/home/kwc/.cache/huggingface/datasets/oscar/unshuffled_deduplicated_lo/1.0.0/84838bd49d2295f62008383b05620571535451d84545037bb94d6f3501651df2. Subsequent calls will reuse this data.
dataset: oscar,unshuffled_deduplicated_lo	splits: train: 32652 rows
dataset: oscar,unshuffled_deduplicated_lo	split: train	columns: id, text
Downloading and preparing dataset oscar/unshuffled_deduplicated_lrc (download: 15.89 KiB, generated: 63.76 KiB, post-processed: Unknown size, total: 79.65 KiB) to /mnt/home/kwc/.cache/huggingface/datasets/oscar/unshuffled_deduplicated_lrc/1.0.0/84838bd49d2295f62008383b05620571535451d84545037bb94d6f3501651df2...
Dataset oscar downloaded and prepared to /mnt/home/kwc/.cache/huggingface/datasets/oscar/unshuffled_deduplicated_lrc/1.0.0/84838bd49d2295f62008383b05620571535451d84545037bb94d6f3501651df2. Subsequent calls will reuse this data.
dataset: oscar,unshuffled_deduplicated_lrc	splits: train: 72 rows
dataset: oscar,unshuffled_deduplicated_lrc	split: train	columns: id, text
Downloading and preparing dataset oscar/unshuffled_deduplicated_lt (download: 1.54 GiB, generated: 3.90 GiB, post-processed: Unknown size, total: 5.44 GiB) to /mnt/home/kwc/.cache/huggingface/datasets/oscar/unshuffled_deduplicated_lt/1.0.0/84838bd49d2295f62008383b05620571535451d84545037bb94d6f3501651df2...
Dataset oscar downloaded and prepared to /mnt/home/kwc/.cache/huggingface/datasets/oscar/unshuffled_deduplicated_lt/1.0.0/84838bd49d2295f62008383b05620571535451d84545037bb94d6f3501651df2. Subsequent calls will reuse this data.
dataset: oscar,unshuffled_deduplicated_lt	splits: train: 1737411 rows
dataset: oscar,unshuffled_deduplicated_lt	split: train	columns: id, text
Downloading and preparing dataset oscar/unshuffled_deduplicated_lv (download: 677.54 MiB, generated: 1.77 GiB, post-processed: Unknown size, total: 2.43 GiB) to /mnt/home/kwc/.cache/huggingface/datasets/oscar/unshuffled_deduplicated_lv/1.0.0/84838bd49d2295f62008383b05620571535451d84545037bb94d6f3501651df2...
Dataset oscar downloaded and prepared to /mnt/home/kwc/.cache/huggingface/datasets/oscar/unshuffled_deduplicated_lv/1.0.0/84838bd49d2295f62008383b05620571535451d84545037bb94d6f3501651df2. Subsequent calls will reuse this data.
dataset: oscar,unshuffled_deduplicated_lv	splits: train: 843195 rows
dataset: oscar,unshuffled_deduplicated_lv	split: train	columns: id, text
Downloading and preparing dataset oscar/unshuffled_deduplicated_mai (download: 2.21 KiB, generated: 10.47 KiB, post-processed: Unknown size, total: 12.68 KiB) to /mnt/home/kwc/.cache/huggingface/datasets/oscar/unshuffled_deduplicated_mai/1.0.0/84838bd49d2295f62008383b05620571535451d84545037bb94d6f3501651df2...
Dataset oscar downloaded and prepared to /mnt/home/kwc/.cache/huggingface/datasets/oscar/unshuffled_deduplicated_mai/1.0.0/84838bd49d2295f62008383b05620571535451d84545037bb94d6f3501651df2. Subsequent calls will reuse this data.
dataset: oscar,unshuffled_deduplicated_mai	splits: train: 25 rows
dataset: oscar,unshuffled_deduplicated_mai	split: train	columns: id, text
Downloading and preparing dataset oscar/unshuffled_deduplicated_mg (download: 4.10 MiB, generated: 12.89 MiB, post-processed: Unknown size, total: 16.99 MiB) to /mnt/home/kwc/.cache/huggingface/datasets/oscar/unshuffled_deduplicated_mg/1.0.0/84838bd49d2295f62008383b05620571535451d84545037bb94d6f3501651df2...
Dataset oscar downloaded and prepared to /mnt/home/kwc/.cache/huggingface/datasets/oscar/unshuffled_deduplicated_mg/1.0.0/84838bd49d2295f62008383b05620571535451d84545037bb94d6f3501651df2. Subsequent calls will reuse this data.
dataset: oscar,unshuffled_deduplicated_mg	splits: train: 13343 rows
dataset: oscar,unshuffled_deduplicated_mg	split: train	columns: id, text
Downloading and preparing dataset oscar/unshuffled_deduplicated_mhr (download: 1.55 MiB, generated: 5.96 MiB, post-processed: Unknown size, total: 7.50 MiB) to /mnt/home/kwc/.cache/huggingface/datasets/oscar/unshuffled_deduplicated_mhr/1.0.0/84838bd49d2295f62008383b05620571535451d84545037bb94d6f3501651df2...
Dataset oscar downloaded and prepared to /mnt/home/kwc/.cache/huggingface/datasets/oscar/unshuffled_deduplicated_mhr/1.0.0/84838bd49d2295f62008383b05620571535451d84545037bb94d6f3501651df2. Subsequent calls will reuse this data.
dataset: oscar,unshuffled_deduplicated_mhr	splits: train: 2515 rows
dataset: oscar,unshuffled_deduplicated_mhr	split: train	columns: id, text
Downloading and preparing dataset oscar/unshuffled_deduplicated_min (download: 9.99 KiB, generated: 311.28 KiB, post-processed: Unknown size, total: 321.27 KiB) to /mnt/home/kwc/.cache/huggingface/datasets/oscar/unshuffled_deduplicated_min/1.0.0/84838bd49d2295f62008383b05620571535451d84545037bb94d6f3501651df2...
Dataset oscar downloaded and prepared to /mnt/home/kwc/.cache/huggingface/datasets/oscar/unshuffled_deduplicated_min/1.0.0/84838bd49d2295f62008383b05620571535451d84545037bb94d6f3501651df2. Subsequent calls will reuse this data.
dataset: oscar,unshuffled_deduplicated_min	splits: train: 166 rows
dataset: oscar,unshuffled_deduplicated_min	split: train	columns: id, text
Downloading and preparing dataset oscar/unshuffled_deduplicated_mk (download: 289.08 MiB, generated: 1.11 GiB, post-processed: Unknown size, total: 1.39 GiB) to /mnt/home/kwc/.cache/huggingface/datasets/oscar/unshuffled_deduplicated_mk/1.0.0/84838bd49d2295f62008383b05620571535451d84545037bb94d6f3501651df2...
Dataset oscar downloaded and prepared to /mnt/home/kwc/.cache/huggingface/datasets/oscar/unshuffled_deduplicated_mk/1.0.0/84838bd49d2295f62008383b05620571535451d84545037bb94d6f3501651df2. Subsequent calls will reuse this data.
dataset: oscar,unshuffled_deduplicated_mk	splits: train: 299457 rows
dataset: oscar,unshuffled_deduplicated_mk	split: train	columns: id, text
Downloading and preparing dataset oscar/unshuffled_deduplicated_ml (download: 473.79 MiB, generated: 2.50 GiB, post-processed: Unknown size, total: 2.96 GiB) to /mnt/home/kwc/.cache/huggingface/datasets/oscar/unshuffled_deduplicated_ml/1.0.0/84838bd49d2295f62008383b05620571535451d84545037bb94d6f3501651df2...
Dataset oscar downloaded and prepared to /mnt/home/kwc/.cache/huggingface/datasets/oscar/unshuffled_deduplicated_ml/1.0.0/84838bd49d2295f62008383b05620571535451d84545037bb94d6f3501651df2. Subsequent calls will reuse this data.
dataset: oscar,unshuffled_deduplicated_ml	splits: train: 453904 rows
dataset: oscar,unshuffled_deduplicated_ml	split: train	columns: id, text
Downloading and preparing dataset oscar/unshuffled_deduplicated_mn (download: 209.35 MiB, generated: 840.08 MiB, post-processed: Unknown size, total: 1.02 GiB) to /mnt/home/kwc/.cache/huggingface/datasets/oscar/unshuffled_deduplicated_mn/1.0.0/84838bd49d2295f62008383b05620571535451d84545037bb94d6f3501651df2...
Dataset oscar downloaded and prepared to /mnt/home/kwc/.cache/huggingface/datasets/oscar/unshuffled_deduplicated_mn/1.0.0/84838bd49d2295f62008383b05620571535451d84545037bb94d6f3501651df2. Subsequent calls will reuse this data.
dataset: oscar,unshuffled_deduplicated_mn	splits: train: 197878 rows
dataset: oscar,unshuffled_deduplicated_mn	split: train	columns: id, text
Downloading and preparing dataset oscar/unshuffled_deduplicated_mr (download: 285.80 MiB, generated: 1.39 GiB, post-processed: Unknown size, total: 1.66 GiB) to /mnt/home/kwc/.cache/huggingface/datasets/oscar/unshuffled_deduplicated_mr/1.0.0/84838bd49d2295f62008383b05620571535451d84545037bb94d6f3501651df2...
Dataset oscar downloaded and prepared to /mnt/home/kwc/.cache/huggingface/datasets/oscar/unshuffled_deduplicated_mr/1.0.0/84838bd49d2295f62008383b05620571535451d84545037bb94d6f3501651df2. Subsequent calls will reuse this data.
dataset: oscar,unshuffled_deduplicated_mr	splits: train: 212556 rows
dataset: oscar,unshuffled_deduplicated_mr	split: train	columns: id, text
Downloading and preparing dataset oscar/unshuffled_deduplicated_mrj (download: 282.27 KiB, generated: 1.05 MiB, post-processed: Unknown size, total: 1.32 MiB) to /mnt/home/kwc/.cache/huggingface/datasets/oscar/unshuffled_deduplicated_mrj/1.0.0/84838bd49d2295f62008383b05620571535451d84545037bb94d6f3501651df2...
Dataset oscar downloaded and prepared to /mnt/home/kwc/.cache/huggingface/datasets/oscar/unshuffled_deduplicated_mrj/1.0.0/84838bd49d2295f62008383b05620571535451d84545037bb94d6f3501651df2. Subsequent calls will reuse this data.
dataset: oscar,unshuffled_deduplicated_mrj	splits: train: 669 rows
dataset: oscar,unshuffled_deduplicated_mrj	split: train	columns: id, text
Downloading and preparing dataset oscar/unshuffled_deduplicated_ms (download: 15.63 MiB, generated: 42.98 MiB, post-processed: Unknown size, total: 58.61 MiB) to /mnt/home/kwc/.cache/huggingface/datasets/oscar/unshuffled_deduplicated_ms/1.0.0/84838bd49d2295f62008383b05620571535451d84545037bb94d6f3501651df2...
Dataset oscar downloaded and prepared to /mnt/home/kwc/.cache/huggingface/datasets/oscar/unshuffled_deduplicated_ms/1.0.0/84838bd49d2295f62008383b05620571535451d84545037bb94d6f3501651df2. Subsequent calls will reuse this data.
dataset: oscar,unshuffled_deduplicated_ms	splits: train: 183443 rows
dataset: oscar,unshuffled_deduplicated_ms	split: train	columns: id, text
Downloading and preparing dataset oscar/unshuffled_deduplicated_mt (download: 5.63 MiB, generated: 16.73 MiB, post-processed: Unknown size, total: 22.35 MiB) to /mnt/home/kwc/.cache/huggingface/datasets/oscar/unshuffled_deduplicated_mt/1.0.0/84838bd49d2295f62008383b05620571535451d84545037bb94d6f3501651df2...
Dataset oscar downloaded and prepared to /mnt/home/kwc/.cache/huggingface/datasets/oscar/unshuffled_deduplicated_mt/1.0.0/84838bd49d2295f62008383b05620571535451d84545037bb94d6f3501651df2. Subsequent calls will reuse this data.
dataset: oscar,unshuffled_deduplicated_mt	splits: train: 16383 rows
dataset: oscar,unshuffled_deduplicated_mt	split: train	columns: id, text
Downloading and preparing dataset oscar/unshuffled_deduplicated_mwl (download: 797 bytes, generated: 1.09 KiB, post-processed: Unknown size, total: 1.87 KiB) to /mnt/home/kwc/.cache/huggingface/datasets/oscar/unshuffled_deduplicated_mwl/1.0.0/84838bd49d2295f62008383b05620571535451d84545037bb94d6f3501651df2...
Dataset oscar downloaded and prepared to /mnt/home/kwc/.cache/huggingface/datasets/oscar/unshuffled_deduplicated_mwl/1.0.0/84838bd49d2295f62008383b05620571535451d84545037bb94d6f3501651df2. Subsequent calls will reuse this data.
dataset: oscar,unshuffled_deduplicated_mwl	splits: train: 7 rows
dataset: oscar,unshuffled_deduplicated_mwl	split: train	columns: id, text
Downloading and preparing dataset oscar/unshuffled_deduplicated_my (download: 197.54 MiB, generated: 1.04 GiB, post-processed: Unknown size, total: 1.23 GiB) to /mnt/home/kwc/.cache/huggingface/datasets/oscar/unshuffled_deduplicated_my/1.0.0/84838bd49d2295f62008383b05620571535451d84545037bb94d6f3501651df2...
Dataset oscar downloaded and prepared to /mnt/home/kwc/.cache/huggingface/datasets/oscar/unshuffled_deduplicated_my/1.0.0/84838bd49d2295f62008383b05620571535451d84545037bb94d6f3501651df2. Subsequent calls will reuse this data.
dataset: oscar,unshuffled_deduplicated_my	splits: train: 136639 rows
dataset: oscar,unshuffled_deduplicated_my	split: train	columns: id, text
Downloading and preparing dataset oscar/unshuffled_deduplicated_myv (download: 705 bytes, generated: 1.20 KiB, post-processed: Unknown size, total: 1.88 KiB) to /mnt/home/kwc/.cache/huggingface/datasets/oscar/unshuffled_deduplicated_myv/1.0.0/84838bd49d2295f62008383b05620571535451d84545037bb94d6f3501651df2...
Dataset oscar downloaded and prepared to /mnt/home/kwc/.cache/huggingface/datasets/oscar/unshuffled_deduplicated_myv/1.0.0/84838bd49d2295f62008383b05620571535451d84545037bb94d6f3501651df2. Subsequent calls will reuse this data.
dataset: oscar,unshuffled_deduplicated_myv	splits: train: 5 rows
dataset: oscar,unshuffled_deduplicated_myv	split: train	columns: id, text
Downloading and preparing dataset oscar/unshuffled_deduplicated_mzn (download: 153.85 KiB, generated: 611.85 KiB, post-processed: Unknown size, total: 765.70 KiB) to /mnt/home/kwc/.cache/huggingface/datasets/oscar/unshuffled_deduplicated_mzn/1.0.0/84838bd49d2295f62008383b05620571535451d84545037bb94d6f3501651df2...
Dataset oscar downloaded and prepared to /mnt/home/kwc/.cache/huggingface/datasets/oscar/unshuffled_deduplicated_mzn/1.0.0/84838bd49d2295f62008383b05620571535451d84545037bb94d6f3501651df2. Subsequent calls will reuse this data.
dataset: oscar,unshuffled_deduplicated_mzn	splits: train: 917 rows
dataset: oscar,unshuffled_deduplicated_mzn	split: train	columns: id, text
Downloading and preparing dataset oscar/unshuffled_deduplicated_nah (download: 2.80 KiB, generated: 11.27 KiB, post-processed: Unknown size, total: 14.07 KiB) to /mnt/home/kwc/.cache/huggingface/datasets/oscar/unshuffled_deduplicated_nah/1.0.0/84838bd49d2295f62008383b05620571535451d84545037bb94d6f3501651df2...
Dataset oscar downloaded and prepared to /mnt/home/kwc/.cache/huggingface/datasets/oscar/unshuffled_deduplicated_nah/1.0.0/84838bd49d2295f62008383b05620571535451d84545037bb94d6f3501651df2. Subsequent calls will reuse this data.
dataset: oscar,unshuffled_deduplicated_nah	splits: train: 58 rows
dataset: oscar,unshuffled_deduplicated_nah	split: train	columns: id, text
Downloading and preparing dataset oscar/unshuffled_deduplicated_nap (download: 4.85 KiB, generated: 13.46 KiB, post-processed: Unknown size, total: 18.31 KiB) to /mnt/home/kwc/.cache/huggingface/datasets/oscar/unshuffled_deduplicated_nap/1.0.0/84838bd49d2295f62008383b05620571535451d84545037bb94d6f3501651df2...
Dataset oscar downloaded and prepared to /mnt/home/kwc/.cache/huggingface/datasets/oscar/unshuffled_deduplicated_nap/1.0.0/84838bd49d2295f62008383b05620571535451d84545037bb94d6f3501651df2. Subsequent calls will reuse this data.
dataset: oscar,unshuffled_deduplicated_nap	splits: train: 55 rows
dataset: oscar,unshuffled_deduplicated_nap	split: train	columns: id, text
Downloading and preparing dataset oscar/unshuffled_deduplicated_nds (download: 5.03 MiB, generated: 12.74 MiB, post-processed: Unknown size, total: 17.77 MiB) to /mnt/home/kwc/.cache/huggingface/datasets/oscar/unshuffled_deduplicated_nds/1.0.0/84838bd49d2295f62008383b05620571535451d84545037bb94d6f3501651df2...
Dataset oscar downloaded and prepared to /mnt/home/kwc/.cache/huggingface/datasets/oscar/unshuffled_deduplicated_nds/1.0.0/84838bd49d2295f62008383b05620571535451d84545037bb94d6f3501651df2. Subsequent calls will reuse this data.
dataset: oscar,unshuffled_deduplicated_nds	splits: train: 8714 rows
dataset: oscar,unshuffled_deduplicated_nds	split: train	columns: id, text
Downloading and preparing dataset oscar/unshuffled_deduplicated_ne (download: 229.48 MiB, generated: 1.15 GiB, post-processed: Unknown size, total: 1.38 GiB) to /mnt/home/kwc/.cache/huggingface/datasets/oscar/unshuffled_deduplicated_ne/1.0.0/84838bd49d2295f62008383b05620571535451d84545037bb94d6f3501651df2...
Dataset oscar downloaded and prepared to /mnt/home/kwc/.cache/huggingface/datasets/oscar/unshuffled_deduplicated_ne/1.0.0/84838bd49d2295f62008383b05620571535451d84545037bb94d6f3501651df2. Subsequent calls will reuse this data.
dataset: oscar,unshuffled_deduplicated_ne	splits: train: 219334 rows
dataset: oscar,unshuffled_deduplicated_ne	split: train	columns: id, text
Downloading and preparing dataset oscar/unshuffled_deduplicated_new (download: 811.30 KiB, generated: 4.03 MiB, post-processed: Unknown size, total: 4.82 MiB) to /mnt/home/kwc/.cache/huggingface/datasets/oscar/unshuffled_deduplicated_new/1.0.0/84838bd49d2295f62008383b05620571535451d84545037bb94d6f3501651df2...
Dataset oscar downloaded and prepared to /mnt/home/kwc/.cache/huggingface/datasets/oscar/unshuffled_deduplicated_new/1.0.0/84838bd49d2295f62008383b05620571535451d84545037bb94d6f3501651df2. Subsequent calls will reuse this data.
dataset: oscar,unshuffled_deduplicated_new	splits: train: 2126 rows
dataset: oscar,unshuffled_deduplicated_new	split: train	columns: id, text
Downloading and preparing dataset oscar/unshuffled_deduplicated_nl (download: 14.65 GiB, generated: 38.86 GiB, post-processed: Unknown size, total: 53.51 GiB) to /mnt/home/kwc/.cache/huggingface/datasets/oscar/unshuffled_deduplicated_nl/1.0.0/84838bd49d2295f62008383b05620571535451d84545037bb94d6f3501651df2...
Dataset oscar downloaded and prepared to /mnt/home/kwc/.cache/huggingface/datasets/oscar/unshuffled_deduplicated_nl/1.0.0/84838bd49d2295f62008383b05620571535451d84545037bb94d6f3501651df2. Subsequent calls will reuse this data.
dataset: oscar,unshuffled_deduplicated_nl	splits: train: 20812149 rows
dataset: oscar,unshuffled_deduplicated_nl	split: train	columns: id, text
Downloading and preparing dataset oscar/unshuffled_deduplicated_nn (download: 22.49 MiB, generated: 54.63 MiB, post-processed: Unknown size, total: 77.12 MiB) to /mnt/home/kwc/.cache/huggingface/datasets/oscar/unshuffled_deduplicated_nn/1.0.0/84838bd49d2295f62008383b05620571535451d84545037bb94d6f3501651df2...
Dataset oscar downloaded and prepared to /mnt/home/kwc/.cache/huggingface/datasets/oscar/unshuffled_deduplicated_nn/1.0.0/84838bd49d2295f62008383b05620571535451d84545037bb94d6f3501651df2. Subsequent calls will reuse this data.
dataset: oscar,unshuffled_deduplicated_nn	splits: train: 109118 rows
dataset: oscar,unshuffled_deduplicated_nn	split: train	columns: id, text
Downloading and preparing dataset oscar/unshuffled_deduplicated_no (download: 1.83 GiB, generated: 4.73 GiB, post-processed: Unknown size, total: 6.56 GiB) to /mnt/home/kwc/.cache/huggingface/datasets/oscar/unshuffled_deduplicated_no/1.0.0/84838bd49d2295f62008383b05620571535451d84545037bb94d6f3501651df2...
Dataset oscar downloaded and prepared to /mnt/home/kwc/.cache/huggingface/datasets/oscar/unshuffled_deduplicated_no/1.0.0/84838bd49d2295f62008383b05620571535451d84545037bb94d6f3501651df2. Subsequent calls will reuse this data.
dataset: oscar,unshuffled_deduplicated_no	splits: train: 3229940 rows
dataset: oscar,unshuffled_deduplicated_no	split: train	columns: id, text
Downloading and preparing dataset oscar/unshuffled_deduplicated_oc (download: 1.28 MiB, generated: 3.76 MiB, post-processed: Unknown size, total: 5.03 MiB) to /mnt/home/kwc/.cache/huggingface/datasets/oscar/unshuffled_deduplicated_oc/1.0.0/84838bd49d2295f62008383b05620571535451d84545037bb94d6f3501651df2...
Dataset oscar downloaded and prepared to /mnt/home/kwc/.cache/huggingface/datasets/oscar/unshuffled_deduplicated_oc/1.0.0/84838bd49d2295f62008383b05620571535451d84545037bb94d6f3501651df2. Subsequent calls will reuse this data.
dataset: oscar,unshuffled_deduplicated_oc	splits: train: 6485 rows
dataset: oscar,unshuffled_deduplicated_oc	split: train	columns: id, text
Downloading and preparing dataset oscar/unshuffled_deduplicated_or (download: 36.93 MiB, generated: 188.26 MiB, post-processed: Unknown size, total: 225.19 MiB) to /mnt/home/kwc/.cache/huggingface/datasets/oscar/unshuffled_deduplicated_or/1.0.0/84838bd49d2295f62008383b05620571535451d84545037bb94d6f3501651df2...
Dataset oscar downloaded and prepared to /mnt/home/kwc/.cache/huggingface/datasets/oscar/unshuffled_deduplicated_or/1.0.0/84838bd49d2295f62008383b05620571535451d84545037bb94d6f3501651df2. Subsequent calls will reuse this data.
dataset: oscar,unshuffled_deduplicated_or	splits: train: 44230 rows
dataset: oscar,unshuffled_deduplicated_or	split: train	columns: id, text
Downloading and preparing dataset oscar/unshuffled_deduplicated_os (download: 2.70 MiB, generated: 10.45 MiB, post-processed: Unknown size, total: 13.15 MiB) to /mnt/home/kwc/.cache/huggingface/datasets/oscar/unshuffled_deduplicated_os/1.0.0/84838bd49d2295f62008383b05620571535451d84545037bb94d6f3501651df2...
Dataset oscar downloaded and prepared to /mnt/home/kwc/.cache/huggingface/datasets/oscar/unshuffled_deduplicated_os/1.0.0/84838bd49d2295f62008383b05620571535451d84545037bb94d6f3501651df2. Subsequent calls will reuse this data.
dataset: oscar,unshuffled_deduplicated_os	splits: train: 2559 rows
dataset: oscar,unshuffled_deduplicated_os	split: train	columns: id, text
Downloading and preparing dataset oscar/unshuffled_deduplicated_pa (download: 97.65 MiB, generated: 460.11 MiB, post-processed: Unknown size, total: 557.76 MiB) to /mnt/home/kwc/.cache/huggingface/datasets/oscar/unshuffled_deduplicated_pa/1.0.0/84838bd49d2295f62008383b05620571535451d84545037bb94d6f3501651df2...
Dataset oscar downloaded and prepared to /mnt/home/kwc/.cache/huggingface/datasets/oscar/unshuffled_deduplicated_pa/1.0.0/84838bd49d2295f62008383b05620571535451d84545037bb94d6f3501651df2. Subsequent calls will reuse this data.
dataset: oscar,unshuffled_deduplicated_pa	splits: train: 87235 rows
dataset: oscar,unshuffled_deduplicated_pa	split: train	columns: id, text
Downloading and preparing dataset oscar/unshuffled_deduplicated_pam (download: 366 bytes, generated: 319 bytes, post-processed: Unknown size, total: 685 bytes) to /mnt/home/kwc/.cache/huggingface/datasets/oscar/unshuffled_deduplicated_pam/1.0.0/84838bd49d2295f62008383b05620571535451d84545037bb94d6f3501651df2...
Dataset oscar downloaded and prepared to /mnt/home/kwc/.cache/huggingface/datasets/oscar/unshuffled_deduplicated_pam/1.0.0/84838bd49d2295f62008383b05620571535451d84545037bb94d6f3501651df2. Subsequent calls will reuse this data.
dataset: oscar,unshuffled_deduplicated_pam	splits: train: 1 rows
dataset: oscar,unshuffled_deduplicated_pam	split: train	columns: id, text
Downloading and preparing dataset oscar/unshuffled_deduplicated_pl (download: 18.80 GiB, generated: 46.93 GiB, post-processed: Unknown size, total: 65.73 GiB) to /mnt/home/kwc/.cache/huggingface/datasets/oscar/unshuffled_deduplicated_pl/1.0.0/84838bd49d2295f62008383b05620571535451d84545037bb94d6f3501651df2...
Dataset oscar downloaded and prepared to /mnt/home/kwc/.cache/huggingface/datasets/oscar/unshuffled_deduplicated_pl/1.0.0/84838bd49d2295f62008383b05620571535451d84545037bb94d6f3501651df2. Subsequent calls will reuse this data.
dataset: oscar,unshuffled_deduplicated_pl	splits: train: 20682611 rows
dataset: oscar,unshuffled_deduplicated_pl	split: train	columns: id, text
Downloading and preparing dataset oscar/unshuffled_deduplicated_pms (download: 700.04 KiB, generated: 1.90 MiB, post-processed: Unknown size, total: 2.59 MiB) to /mnt/home/kwc/.cache/huggingface/datasets/oscar/unshuffled_deduplicated_pms/1.0.0/84838bd49d2295f62008383b05620571535451d84545037bb94d6f3501651df2...
Dataset oscar downloaded and prepared to /mnt/home/kwc/.cache/huggingface/datasets/oscar/unshuffled_deduplicated_pms/1.0.0/84838bd49d2295f62008383b05620571535451d84545037bb94d6f3501651df2. Subsequent calls will reuse this data.
dataset: oscar,unshuffled_deduplicated_pms	splits: train: 2859 rows
dataset: oscar,unshuffled_deduplicated_pms	split: train	columns: id, text
Downloading and preparing dataset oscar/unshuffled_deduplicated_pnb (download: 2.46 MiB, generated: 8.98 MiB, post-processed: Unknown size, total: 11.44 MiB) to /mnt/home/kwc/.cache/huggingface/datasets/oscar/unshuffled_deduplicated_pnb/1.0.0/84838bd49d2295f62008383b05620571535451d84545037bb94d6f3501651df2...
Dataset oscar downloaded and prepared to /mnt/home/kwc/.cache/huggingface/datasets/oscar/unshuffled_deduplicated_pnb/1.0.0/84838bd49d2295f62008383b05620571535451d84545037bb94d6f3501651df2. Subsequent calls will reuse this data.
dataset: oscar,unshuffled_deduplicated_pnb	splits: train: 3463 rows
dataset: oscar,unshuffled_deduplicated_pnb	split: train	columns: id, text
Downloading and preparing dataset oscar/unshuffled_deduplicated_ps (download: 68.50 MiB, generated: 242.58 MiB, post-processed: Unknown size, total: 311.07 MiB) to /mnt/home/kwc/.cache/huggingface/datasets/oscar/unshuffled_deduplicated_ps/1.0.0/84838bd49d2295f62008383b05620571535451d84545037bb94d6f3501651df2...
Dataset oscar downloaded and prepared to /mnt/home/kwc/.cache/huggingface/datasets/oscar/unshuffled_deduplicated_ps/1.0.0/84838bd49d2295f62008383b05620571535451d84545037bb94d6f3501651df2. Subsequent calls will reuse this data.
dataset: oscar,unshuffled_deduplicated_ps	splits: train: 67921 rows
dataset: oscar,unshuffled_deduplicated_ps	split: train	columns: id, text
Downloading and preparing dataset oscar/unshuffled_deduplicated_pt (download: 24.21 GiB, generated: 63.48 GiB, post-processed: Unknown size, total: 87.69 GiB) to /mnt/home/kwc/.cache/huggingface/datasets/oscar/unshuffled_deduplicated_pt/1.0.0/84838bd49d2295f62008383b05620571535451d84545037bb94d6f3501651df2...
