hostname = asimov-145.svail.baidu.com
dataset: race	dataset: race	downloads: 10716	likes: 4	PWC: https://paperswithcode.com/dataset/race
dataset: race,high	splits: test: 3498 rows, train: 62445 rows, val: 3451 rows
dataset: race,high	split: train	columns: example_id, article, answer, question, options
dataset: race,middle	splits: test: 1436 rows, train: 25421 rows, val: 1436 rows
dataset: race,middle	split: train	columns: example_id, article, answer, question, options
dataset: race,all	splits: test: 4934 rows, train: 87866 rows, val: 4887 rows
dataset: race,all	split: train	columns: example_id, article, answer, question, options
dataset: race --> 10 models
dataset: race	model: LIAMF-USP/roberta-large-finetuned-race	downloads: 4319	likes: 3	task: multiple-choice
dataset: race	model: voidful/bart-distractor-generation	downloads: 1252	likes: 2	task: text2text-generation
dataset: race	model: LIAMF-USP/aristo-roberta	downloads: 364	likes: 0	task: multiple-choice
dataset: race	model: voidful/bart-distractor-generation-pm	downloads: 96	likes: 0	task: text2text-generation
dataset: race	model: voidful/bart-distractor-generation-both	downloads: 83	likes: 0	task: text2text-generation
dataset: race	model: AdapterHub/roberta-base-pf-race	downloads: 36	likes: 0	task: None
dataset: race	model: AdapterHub/bert-base-uncased-pf-race	downloads: 26	likes: 0	task: None
dataset: race	model: mamlong34/t5_large_race_cosmos_qa	downloads: 2	likes: 0	task: text2text-generation
dataset: race	model: mamlong34/t5_base_race_cosmos_qa	downloads: 2	likes: 0	task: text2text-generation
dataset: race	model: russab0/distilbert-qa	downloads: 2	likes: 0	task: multiple-choice
# found: 13024 matches; truncating to 10
task: None --> 10 models
task: None	model: SpanBERT/spanbert-large-cased	downloads: 790879	likes: 1	task: None
task: None	model: microsoft/layoutlmv2-base-uncased	downloads: 429289	likes: 13	task: None
task: None	model: microsoft/deberta-base	downloads: 392874	likes: 7	task: None
task: None	model: microsoft/deberta-v3-base	downloads: 384163	likes: 11	task: None
task: None	model: microsoft/deberta-v3-large	downloads: 337500	likes: 23	task: None
task: None	model: microsoft/layoutlm-base-uncased	downloads: 314169	likes: 7	task: None
task: None	model: facebook/dpr-ctx_encoder-single-nq-base	downloads: 272541	likes: 2	task: None
task: None	model: allenai/scibert_scivocab_uncased	downloads: 217322	likes: 17	task: None
task: None	model: hfl/chinese-electra-180g-base-discriminator	downloads: 216827	likes: 7	task: None
task: None	model: google/bigbird-roberta-base	downloads: 206951	likes: 11	task: None
