hostname = asimov-127.svail.baidu.com
dataset: rotten_tomatoes	dataset: rotten_tomatoes	downloads: 14229	likes: 1	
dataset: rotten_tomatoes	splits: train: 8530 rows, test: 1066 rows, val: 1066 rows
dataset: rotten_tomatoes	split: train	columns: text, label
dataset: rotten_tomatoes	labels: neg, pos
dataset: rotten_tomatoes --> 2 models
dataset: rotten_tomatoes	model: AdapterHub/bert-base-uncased-pf-rotten_tomatoes	downloads: 219	likes: 0	task: text-classification
dataset: rotten_tomatoes	model: AdapterHub/roberta-base-pf-rotten_tomatoes	downloads: 13	likes: 0	task: text-classification
# found: 12917 matches; truncating to 10
task: None --> 10 models
task: None	model: SpanBERT/spanbert-large-cased	downloads: 843328	likes: 1	task: None
task: None	model: microsoft/layoutlmv2-base-uncased	downloads: 477678	likes: 13	task: None
task: None	model: microsoft/deberta-base	downloads: 439927	likes: 7	task: None
task: None	model: microsoft/layoutlm-base-uncased	downloads: 360700	likes: 7	task: None
task: None	model: microsoft/deberta-v3-large	downloads: 325893	likes: 23	task: None
task: None	model: facebook/dpr-ctx_encoder-single-nq-base	downloads: 276176	likes: 2	task: None
task: None	model: microsoft/deberta-v3-base	downloads: 257854	likes: 11	task: None
task: None	model: allenai/scibert_scivocab_uncased	downloads: 223941	likes: 17	task: None
task: None	model: google/bigbird-roberta-base	downloads: 219355	likes: 11	task: None
task: None	model: distilbert-base-cased	downloads: 205367	likes: 6	task: None
