hostname = asimov-147.svail.baidu.com
dataset: squad_v2	dataset: squad_v2	downloads: 35270	likes: 4	PWC: https://paperswithcode.com/dataset/squad
dataset: squad_v2,squad_v2	splits: train: 130319 rows, val: 11873 rows
dataset: squad_v2,squad_v2	split: train	columns: id, title, context, question, answers
dataset: squad_v2 --> 10 models
dataset: squad_v2	model: deepset/roberta-base-squad2	downloads: 1758631	likes: 53	task: question-answering
dataset: squad_v2	model: deepset/minilm-uncased-squad2	downloads: 46561	likes: 7	task: question-answering
dataset: squad_v2	model: mrm8488/t5-small-finetuned-squadv2	downloads: 27487	likes: 1	task: text2text-generation
dataset: squad_v2	model: deepset/electra-base-squad2	downloads: 15959	likes: 6	task: question-answering
dataset: squad_v2	model: deepset/xlm-roberta-large-squad2	downloads: 14429	likes: 13	task: question-answering
dataset: squad_v2	model: nlpconnect/roberta-base-squad2-nq	downloads: 12425	likes: 2	task: question-answering
dataset: squad_v2	model: navteca/roberta-large-squad2	downloads: 10666	likes: 0	task: question-answering
dataset: squad_v2	model: deepset/roberta-base-squad2-distilled	downloads: 10414	likes: 1	task: question-answering
dataset: squad_v2	model: navteca/electra-base-squad2	downloads: 9175	likes: 0	task: question-answering
dataset: squad_v2	model: deepset/tinyroberta-squad2	downloads: 9160	likes: 3	task: question-answering
# found: 12917 matches; truncating to 10
task: None --> 10 models
task: None	model: SpanBERT/spanbert-large-cased	downloads: 843328	likes: 1	task: None
task: None	model: microsoft/layoutlmv2-base-uncased	downloads: 477678	likes: 13	task: None
task: None	model: microsoft/deberta-base	downloads: 439927	likes: 7	task: None
task: None	model: microsoft/layoutlm-base-uncased	downloads: 360700	likes: 7	task: None
task: None	model: microsoft/deberta-v3-large	downloads: 325893	likes: 23	task: None
task: None	model: facebook/dpr-ctx_encoder-single-nq-base	downloads: 276176	likes: 2	task: None
task: None	model: microsoft/deberta-v3-base	downloads: 257854	likes: 11	task: None
task: None	model: allenai/scibert_scivocab_uncased	downloads: 223941	likes: 17	task: None
task: None	model: google/bigbird-roberta-base	downloads: 219355	likes: 11	task: None
task: None	model: distilbert-base-cased	downloads: 205367	likes: 6	task: None
