dataset: squad	dataset: squad	downloads: 190588	likes: 23	PWC: https://paperswithcode.com/dataset/squad
dataset: squad,plain_text	splits: train: 87599 rows, val: 10570 rows
dataset: squad,plain_text	split: train	columns: id, title, context, question, answers
dataset: squad --> 10 models
dataset: squad	model: mrm8488/t5-base-finetuned-question-generation-ap	downloads: 566861	likes: 11	task: text2text-generation
dataset: squad	model: distilbert-base-cased-distilled-squad	downloads: 304813	likes: 11	task: question-answering
dataset: squad	model: distilbert-base-uncased-distilled-squad	downloads: 163142	likes: 5	task: question-answering
dataset: squad	model: valhalla/t5-small-qa-qg-hl	downloads: 74013	likes: 1	task: text2text-generation
dataset: squad	model: thatdramebaazguy/roberta-base-squad	downloads: 37768	likes: 0	task: question-answering
dataset: squad	model: valhalla/t5-base-e2e-qg	downloads: 34977	likes: 1	task: text2text-generation
dataset: squad	model: valhalla/t5-small-qg-hl	downloads: 29836	likes: 0	task: text2text-generation
dataset: squad	model: valhalla/t5-base-qa-qg-hl	downloads: 14121	likes: 1	task: text2text-generation
dataset: squad	model: valhalla/t5-small-e2e-qg	downloads: 11917	likes: 2	task: text2text-generation
dataset: squad	model: pierreguillou/bert-base-cased-squad-v1.1-portuguese	downloads: 10102	likes: 8	task: question-answering
# found: 11541 matches; truncating to 10
task: None --> 10 models
task: None	model: SpanBERT/spanbert-large-cased	downloads: 966100	likes: 1	task: None
task: None	model: microsoft/layoutlmv2-base-uncased	downloads: 661877	likes: 12	task: None
task: None	model: microsoft/layoutlm-base-uncased	downloads: 566673	likes: 7	task: None
task: None	model: microsoft/deberta-base	downloads: 505183	likes: 5	task: None
task: None	model: facebook/dpr-ctx_encoder-single-nq-base	downloads: 294553	likes: 2	task: None
task: None	model: dmis-lab/biobert-base-cased-v1.1	downloads: 253650	likes: 7	task: None
task: None	model: distilbert-base-cased	downloads: 241127	likes: 6	task: None
task: None	model: hfl/chinese-electra-180g-base-discriminator	downloads: 200050	likes: 5	task: None
task: None	model: google/bigbird-roberta-base	downloads: 199058	likes: 11	task: None
task: None	model: microsoft/deberta-v3-base	downloads: 198937	likes: 11	task: None
