hostname = asimov-150.svail.baidu.com
dataset: stsb_multi_mt	dataset: stsb_multi_mt	downloads: 7944	likes: 4	
dataset: stsb_multi_mt,en	splits: train: 5749 rows, test: 1379 rows, val: 1500 rows
dataset: stsb_multi_mt,en	split: train	columns: sentence1, sentence2, similarity_score
dataset: stsb_multi_mt,de	splits: train: 5749 rows, test: 1379 rows, val: 1500 rows
dataset: stsb_multi_mt,de	split: train	columns: sentence1, sentence2, similarity_score
dataset: stsb_multi_mt,es	splits: train: 5749 rows, test: 1379 rows, val: 1500 rows
dataset: stsb_multi_mt,es	split: train	columns: sentence1, sentence2, similarity_score
dataset: stsb_multi_mt,fr	splits: train: 5749 rows, test: 1379 rows, val: 1500 rows
dataset: stsb_multi_mt,fr	split: train	columns: sentence1, sentence2, similarity_score
dataset: stsb_multi_mt,it	splits: train: 5749 rows, test: 1379 rows, val: 1500 rows
dataset: stsb_multi_mt,it	split: train	columns: sentence1, sentence2, similarity_score
dataset: stsb_multi_mt,nl	splits: train: 5749 rows, test: 1379 rows, val: 1500 rows
dataset: stsb_multi_mt,nl	split: train	columns: sentence1, sentence2, similarity_score
dataset: stsb_multi_mt,pl	splits: train: 5749 rows, test: 1379 rows, val: 1500 rows
dataset: stsb_multi_mt,pl	split: train	columns: sentence1, sentence2, similarity_score
dataset: stsb_multi_mt,pt	splits: train: 5749 rows, test: 1379 rows, val: 1500 rows
dataset: stsb_multi_mt,pt	split: train	columns: sentence1, sentence2, similarity_score
dataset: stsb_multi_mt,ru	splits: train: 5749 rows, test: 1379 rows, val: 1500 rows
dataset: stsb_multi_mt,ru	split: train	columns: sentence1, sentence2, similarity_score
dataset: stsb_multi_mt,zh	splits: train: 5749 rows, test: 1379 rows, val: 1500 rows
dataset: stsb_multi_mt,zh	split: train	columns: sentence1, sentence2, similarity_score
***ERROR***
model: None
data: H:stsb_multi_mt
eqn: None
splits: train
split: train
task: None
error: (<class 'requests.exceptions.HTTPError'>, HTTPError('405 Client Error: Not Allowed for url: https://huggingface.co/api/models-tags-by-type'), <traceback object at 0x7f3f9a91d6c0>)
