hostname = asimov-167.svail.baidu.com
dataset: tab_fact	dataset: tab_fact	downloads: 3661	likes: 0	PWC: https://paperswithcode.com/dataset/tabfact
dataset: tab_fact,tab_fact	splits: train: 92283 rows, test: 12779 rows, val: 12792 rows
dataset: tab_fact,tab_fact	split: train	columns: id, table_id, table_text, table_caption, statement, label
dataset: tab_fact,tab_fact	labels: refuted, entailed
dataset: tab_fact,blind_test	splits: test: 9750 rows
dataset: tab_fact --> 7 models
dataset: tab_fact	model: google/tapas-base-finetuned-tabfact	downloads: 352	likes: 0	task: text-classification
dataset: tab_fact	model: google/tapas-large-finetuned-tabfact	downloads: 225	likes: 0	task: text-classification
dataset: tab_fact	model: google/tapas-tiny-finetuned-tabfact	downloads: 52	likes: 0	task: text-classification
dataset: tab_fact	model: nielsr/tapex-large-finetuned-tabfact	downloads: 41	likes: 0	task: text-classification
dataset: tab_fact	model: google/tapas-mini-finetuned-tabfact	downloads: 36	likes: 0	task: text-classification
dataset: tab_fact	model: google/tapas-medium-finetuned-tabfact	downloads: 28	likes: 0	task: text-classification
dataset: tab_fact	model: google/tapas-small-finetuned-tabfact	downloads: 21	likes: 0	task: text-classification
# found: 12994 matches; truncating to 10
task: None --> 10 models
task: None	model: SpanBERT/spanbert-large-cased	downloads: 790879	likes: 1	task: None
task: None	model: microsoft/layoutlmv2-base-uncased	downloads: 429289	likes: 13	task: None
task: None	model: microsoft/deberta-base	downloads: 392874	likes: 7	task: None
task: None	model: microsoft/deberta-v3-base	downloads: 384163	likes: 11	task: None
task: None	model: microsoft/deberta-v3-large	downloads: 337500	likes: 23	task: None
task: None	model: microsoft/layoutlm-base-uncased	downloads: 314169	likes: 7	task: None
task: None	model: facebook/dpr-ctx_encoder-single-nq-base	downloads: 272541	likes: 2	task: None
task: None	model: allenai/scibert_scivocab_uncased	downloads: 217322	likes: 17	task: None
task: None	model: hfl/chinese-electra-180g-base-discriminator	downloads: 216827	likes: 7	task: None
task: None	model: google/bigbird-roberta-base	downloads: 206951	likes: 11	task: None
