hostname = asimov-128.svail.baidu.com
dataset: trec	dataset: trec	downloads: 14600	likes: 3	PWC: https://paperswithcode.com/dataset/trecqa
dataset: trec	splits: train: 5452 rows, test: 500 rows
dataset: trec	split: train	columns: label-coarse, label-fine, text
dataset: trec --> 4 models
dataset: trec	model: aychang/bert-base-cased-trec-coarse	downloads: 8358	likes: 0	task: text-classification
dataset: trec	model: AdapterHub/bert-base-uncased-pf-trec	downloads: 27	likes: 0	task: text-classification
dataset: trec	model: aychang/distilbert-base-cased-trec-coarse	downloads: 23	likes: 0	task: text-classification
dataset: trec	model: AdapterHub/roberta-base-pf-trec	downloads: 11	likes: 0	task: text-classification
# found: 12917 matches; truncating to 10
task: None --> 10 models
task: None	model: SpanBERT/spanbert-large-cased	downloads: 843328	likes: 1	task: None
task: None	model: microsoft/layoutlmv2-base-uncased	downloads: 477678	likes: 13	task: None
task: None	model: microsoft/deberta-base	downloads: 439927	likes: 7	task: None
task: None	model: microsoft/layoutlm-base-uncased	downloads: 360700	likes: 7	task: None
task: None	model: microsoft/deberta-v3-large	downloads: 325893	likes: 23	task: None
task: None	model: facebook/dpr-ctx_encoder-single-nq-base	downloads: 276176	likes: 2	task: None
task: None	model: microsoft/deberta-v3-base	downloads: 257854	likes: 11	task: None
task: None	model: allenai/scibert_scivocab_uncased	downloads: 223941	likes: 17	task: None
task: None	model: google/bigbird-roberta-base	downloads: 219355	likes: 11	task: None
task: None	model: distilbert-base-cased	downloads: 205367	likes: 6	task: None
