hostname = asimov-134.svail.baidu.com
dataset: tweets_hate_speech_detection	dataset: tweets_hate_speech_detection	downloads: 602	likes: 6	
dataset: tweets_hate_speech_detection	splits: train: 31962 rows
dataset: tweets_hate_speech_detection	split: train	columns: label, tweet
dataset: tweets_hate_speech_detection	labels: no-hate-speech, hate-speech
dataset: tweets_hate_speech_detection --> 2 models
dataset: tweets_hate_speech_detection	model: Narrativa/byt5-base-tweet-hate-detection	downloads: 7457	likes: 4	task: text2text-generation
dataset: tweets_hate_speech_detection	model: mrm8488/distilroberta-finetuned-tweets-hate-speech	downloads: 2091	likes: 3	task: text-classification
# found: 12917 matches; truncating to 10
task: None --> 10 models
task: None	model: SpanBERT/spanbert-large-cased	downloads: 843328	likes: 1	task: None
task: None	model: microsoft/layoutlmv2-base-uncased	downloads: 477678	likes: 13	task: None
task: None	model: microsoft/deberta-base	downloads: 439927	likes: 7	task: None
task: None	model: microsoft/layoutlm-base-uncased	downloads: 360700	likes: 7	task: None
task: None	model: microsoft/deberta-v3-large	downloads: 325893	likes: 23	task: None
task: None	model: facebook/dpr-ctx_encoder-single-nq-base	downloads: 276176	likes: 2	task: None
task: None	model: microsoft/deberta-v3-base	downloads: 257854	likes: 11	task: None
task: None	model: allenai/scibert_scivocab_uncased	downloads: 223941	likes: 17	task: None
task: None	model: google/bigbird-roberta-base	downloads: 219355	likes: 11	task: None
task: None	model: distilbert-base-cased	downloads: 205367	likes: 6	task: None
