hostname = asimov-165.svail.baidu.com
dataset: winogrande	dataset: winogrande	downloads: 11634	likes: 1	PWC: https://paperswithcode.com/dataset/winogrande
dataset: winogrande,winogrande_xs	splits: train: 160 rows, test: 1767 rows, val: 1267 rows
dataset: winogrande,winogrande_xs	split: train	columns: sentence, option1, option2, answer
dataset: winogrande,winogrande_s	splits: train: 640 rows, test: 1767 rows, val: 1267 rows
dataset: winogrande,winogrande_s	split: train	columns: sentence, option1, option2, answer
dataset: winogrande,winogrande_m	splits: train: 2558 rows, test: 1767 rows, val: 1267 rows
dataset: winogrande,winogrande_m	split: train	columns: sentence, option1, option2, answer
dataset: winogrande,winogrande_l	splits: train: 10234 rows, test: 1767 rows, val: 1267 rows
dataset: winogrande,winogrande_l	split: train	columns: sentence, option1, option2, answer
dataset: winogrande,winogrande_xl	splits: train: 40398 rows, test: 1767 rows, val: 1267 rows
dataset: winogrande,winogrande_xl	split: train	columns: sentence, option1, option2, answer
dataset: winogrande,winogrande_debiased	splits: train: 9248 rows, test: 1767 rows, val: 1267 rows
dataset: winogrande,winogrande_debiased	split: train	columns: sentence, option1, option2, answer
dataset: winogrande --> 3 models
dataset: winogrande	model: DeepPavlov/roberta-large-winogrande	downloads: 41	likes: 0	task: text-classification
dataset: winogrande	model: AdapterHub/bert-base-uncased-pf-winogrande	downloads: 27	likes: 0	task: None
dataset: winogrande	model: AdapterHub/roberta-base-pf-winogrande	downloads: 8	likes: 0	task: None
# found: 12922 matches; truncating to 10
task: None --> 10 models
task: None	model: SpanBERT/spanbert-large-cased	downloads: 843328	likes: 1	task: None
task: None	model: microsoft/layoutlmv2-base-uncased	downloads: 477678	likes: 13	task: None
task: None	model: microsoft/deberta-base	downloads: 439927	likes: 7	task: None
task: None	model: microsoft/layoutlm-base-uncased	downloads: 360700	likes: 7	task: None
task: None	model: microsoft/deberta-v3-large	downloads: 325893	likes: 23	task: None
task: None	model: facebook/dpr-ctx_encoder-single-nq-base	downloads: 276176	likes: 2	task: None
task: None	model: microsoft/deberta-v3-base	downloads: 257854	likes: 11	task: None
task: None	model: allenai/scibert_scivocab_uncased	downloads: 223941	likes: 17	task: None
task: None	model: google/bigbird-roberta-base	downloads: 219355	likes: 11	task: None
task: None	model: distilbert-base-cased	downloads: 205367	likes: 6	task: None
