hostname = asimov-7.svail.baidu.com
dataset: xnli	dataset: xnli	downloads: 73753	likes: 5	PWC: https://paperswithcode.com/dataset/xnli
dataset: xnli,ar	splits: train: 392702 rows, test: 5010 rows, val: 2490 rows
dataset: xnli,ar	split: train	columns: premise, hypothesis, label
dataset: xnli,ar	labels: entailment, neutral, contradiction
dataset: xnli,bg	splits: train: 392702 rows, test: 5010 rows, val: 2490 rows
dataset: xnli,bg	split: train	columns: premise, hypothesis, label
dataset: xnli,bg	labels: entailment, neutral, contradiction
dataset: xnli,de	splits: train: 392702 rows, test: 5010 rows, val: 2490 rows
dataset: xnli,de	split: train	columns: premise, hypothesis, label
dataset: xnli,de	labels: entailment, neutral, contradiction
dataset: xnli,el	splits: train: 392702 rows, test: 5010 rows, val: 2490 rows
dataset: xnli,el	split: train	columns: premise, hypothesis, label
dataset: xnli,el	labels: entailment, neutral, contradiction
dataset: xnli,en	splits: train: 392702 rows, test: 5010 rows, val: 2490 rows
dataset: xnli,en	split: train	columns: premise, hypothesis, label
dataset: xnli,en	labels: entailment, neutral, contradiction
dataset: xnli,es	splits: train: 392702 rows, test: 5010 rows, val: 2490 rows
dataset: xnli,es	split: train	columns: premise, hypothesis, label
dataset: xnli,es	labels: entailment, neutral, contradiction
dataset: xnli,fr	splits: train: 392702 rows, test: 5010 rows, val: 2490 rows
dataset: xnli,fr	split: train	columns: premise, hypothesis, label
dataset: xnli,fr	labels: entailment, neutral, contradiction
dataset: xnli,hi	splits: train: 392702 rows, test: 5010 rows, val: 2490 rows
dataset: xnli,hi	split: train	columns: premise, hypothesis, label
dataset: xnli,hi	labels: entailment, neutral, contradiction
dataset: xnli,ru	splits: train: 392702 rows, test: 5010 rows, val: 2490 rows
dataset: xnli,ru	split: train	columns: premise, hypothesis, label
dataset: xnli,ru	labels: entailment, neutral, contradiction
dataset: xnli,sw	splits: train: 392702 rows, test: 5010 rows, val: 2490 rows
dataset: xnli,sw	split: train	columns: premise, hypothesis, label
dataset: xnli,sw	labels: entailment, neutral, contradiction
dataset: xnli,th	splits: train: 392702 rows, test: 5010 rows, val: 2490 rows
dataset: xnli,th	split: train	columns: premise, hypothesis, label
dataset: xnli,th	labels: entailment, neutral, contradiction
dataset: xnli,tr	splits: train: 392702 rows, test: 5010 rows, val: 2490 rows
dataset: xnli,tr	split: train	columns: premise, hypothesis, label
dataset: xnli,tr	labels: entailment, neutral, contradiction
dataset: xnli,ur	splits: train: 392702 rows, test: 5010 rows, val: 2490 rows
dataset: xnli,ur	split: train	columns: premise, hypothesis, label
dataset: xnli,ur	labels: entailment, neutral, contradiction
dataset: xnli,vi	splits: train: 392702 rows, test: 5010 rows, val: 2490 rows
dataset: xnli,vi	split: train	columns: premise, hypothesis, label
dataset: xnli,vi	labels: entailment, neutral, contradiction
dataset: xnli,zh	splits: train: 392702 rows, test: 5010 rows, val: 2490 rows
dataset: xnli,zh	split: train	columns: premise, hypothesis, label
dataset: xnli,zh	labels: entailment, neutral, contradiction
dataset: xnli,all_languages	splits: train: 392702 rows, test: 5010 rows, val: 2490 rows
dataset: xnli,all_languages	split: train	columns: premise, hypothesis, label
dataset: xnli,all_languages	labels: entailment, neutral, contradiction
dataset: xnli --> 10 models
dataset: xnli	model: BaptisteDoyen/camembert-base-xnli	downloads: 232015	likes: 5	task: zero-shot-classification
dataset: xnli	model: Sahajtomar/German_Zeroshot	downloads: 81753	likes: 6	task: zero-shot-classification
dataset: xnli	model: joeddav/xlm-roberta-large-xnli	downloads: 76159	likes: 32	task: zero-shot-classification
dataset: xnli	model: MoritzLaurer/mDeBERTa-v3-base-mnli-xnli	downloads: 67401	likes: 22	task: zero-shot-classification
dataset: xnli	model: Recognai/bert-base-spanish-wwm-cased-xnli	downloads: 32700	likes: 10	task: zero-shot-classification
dataset: xnli	model: Recognai/zeroshot_selectra_medium	downloads: 27016	likes: 3	task: zero-shot-classification
dataset: xnli	model: vicgalle/xlm-roberta-large-xnli-anli	downloads: 11976	likes: 8	task: zero-shot-classification
dataset: xnli	model: Recognai/zeroshot_selectra_small	downloads: 9582	likes: 3	task: zero-shot-classification
dataset: xnli	model: alan-turing-institute/mt5-large-finetuned-mnli-xtreme-xnli	downloads: 2284	likes: 1	task: text2text-generation
dataset: xnli	model: inokufu/flaubert-base-uncased-xnli-sts	downloads: 2247	likes: 0	task: sentence-similarity
# found: 12450 matches; truncating to 10
task: None --> 10 models
task: None	model: SpanBERT/spanbert-large-cased	downloads: 920602	likes: 1	task: None
task: None	model: microsoft/layoutlmv2-base-uncased	downloads: 626617	likes: 12	task: None
task: None	model: microsoft/deberta-base	downloads: 468082	likes: 6	task: None
task: None	model: microsoft/layoutlm-base-uncased	downloads: 387046	likes: 7	task: None
task: None	model: facebook/dpr-ctx_encoder-single-nq-base	downloads: 267457	likes: 2	task: None
task: None	model: distilbert-base-cased	downloads: 223362	likes: 6	task: None
task: None	model: microsoft/deberta-v3-base	downloads: 218789	likes: 11	task: None
task: None	model: hfl/chinese-electra-180g-base-discriminator	downloads: 197076	likes: 5	task: None
task: None	model: allenai/scibert_scivocab_uncased	downloads: 191888	likes: 17	task: None
task: None	model: google/bigbird-roberta-base	downloads: 187790	likes: 11	task: None
